2024-02-02 03:29:55 [INFO]: Welcome to Crypto Arbitrage Bot!
2024-02-02 03:29:55 [INFO]: A bot to find arbitrage opportunities across multiple cryptocurrency exchanges.
2024-02-02 03:29:55 [INFO]: Available Exchanges:
2024-02-02 03:29:55 [INFO]: 1. BTC_USDT
2024-02-02 03:29:55 [INFO]: 2. ETH_USDT
2024-02-02 03:29:55 [INFO]: 3. TRX_USDT
2024-02-02 03:29:59 [INFO]: Trading in BTC_USDT Market.......
2024-02-02 03:29:59 [INFO]: 1. binance
2024-02-02 03:29:59 [INFO]: 2. quidax
2024-02-02 03:30:09 [INFO]: Min Price: 42820.0 (From: Quidax), Max Price: 43056.39 (From: Binance), Profit Rate: 0.5500440934404202% (Below Threshold)
2024-02-02 03:30:10 [INFO]: Min Price: 42820.0 (From: Quidax), Max Price: 43056.4 (From: Binance), Profit Rate: 0.55006744654647% (Below Threshold)
2024-02-02 03:30:10 [INFO]: Min Price: 42820.0 (From: Quidax), Max Price: 43056.39 (From: Binance), Profit Rate: 0.5500440934404202% (Below Threshold)
2024-02-02 03:30:11 [INFO]: Min Price: 42820.0 (From: Quidax), Max Price: 43056.39 (From: Binance), Profit Rate: 0.5500440934404202% (Below Threshold)
2024-02-02 03:30:12 [INFO]: Min Price: 42820.0 (From: Quidax), Max Price: 43056.4 (From: Binance), Profit Rate: 0.55006744654647% (Below Threshold)
2024-02-02 03:30:13 [INFO]: Min Price: 42820.0 (From: Quidax), Max Price: 43056.4 (From: Binance), Profit Rate: 0.55006744654647% (Below Threshold)
2024-02-02 03:30:14 [INFO]: Min Price: 42820.0 (From: Quidax), Max Price: 43056.4 (From: Binance), Profit Rate: 0.55006744654647% (Below Threshold)
2024-02-02 03:30:14 [INFO]: Min Price: 42820.0 (From: Quidax), Max Price: 43056.39 (From: Binance), Profit Rate: 0.5500440934404202% (Below Threshold)
2024-02-02 03:30:15 [INFO]: Min Price: 42820.0 (From: Quidax), Max Price: 43056.39 (From: Binance), Profit Rate: 0.5500440934404202% (Below Threshold)
2024-02-02 03:30:17 [INFO]: Min Price: 42820.0 (From: Quidax), Max Price: 43056.43 (From: Binance), Profit Rate: 0.5501375058645517% (Below Threshold)
2024-02-02 03:30:18 [INFO]: Min Price: 42820.0 (From: Quidax), Max Price: 43056.45 (From: Binance), Profit Rate: 0.5501842120766004% (Below Threshold)
2024-02-02 03:30:18 [INFO]: Min Price: 42820.0 (From: Quidax), Max Price: 43059.03 (From: Binance), Profit Rate: 0.5562093134323167% (Below Threshold)
2024-02-02 03:30:20 [INFO]: Min Price: 42820.0 (From: Quidax), Max Price: 43059.1 (From: Binance), Profit Rate: 0.5563727851745298% (Below Threshold)
2024-02-02 03:30:21 [INFO]: Min Price: 42820.0 (From: Quidax), Max Price: 43059.1 (From: Binance), Profit Rate: 0.5563727851745298% (Below Threshold)
2024-02-02 03:30:22 [INFO]: Min Price: 42820.0 (From: Quidax), Max Price: 43059.1 (From: Binance), Profit Rate: 0.5563727851745298% (Below Threshold)
2024-02-02 03:30:22 [INFO]: Min Price: 42820.0 (From: Quidax), Max Price: 43059.1 (From: Binance), Profit Rate: 0.5563727851745298% (Below Threshold)
2024-02-02 03:30:24 [INFO]: Min Price: 42820.0 (From: Quidax), Max Price: 43059.1 (From: Binance), Profit Rate: 0.5563727851745298% (Below Threshold)
2024-02-02 03:30:25 [INFO]: Min Price: 42820.0 (From: Quidax), Max Price: 43059.11 (From: Binance), Profit Rate: 0.5563961382805627% (Below Threshold)
2024-02-02 03:30:27 [INFO]: Min Price: 42820.0 (From: Quidax), Max Price: 43059.1 (From: Binance), Profit Rate: 0.5563727851745298% (Below Threshold)
2024-02-02 03:30:27 [INFO]: Min Price: 42820.0 (From: Quidax), Max Price: 43059.1 (From: Binance), Profit Rate: 0.5563727851745298% (Below Threshold)
2024-02-02 03:30:28 [INFO]: Min Price: 42820.0 (From: Quidax), Max Price: 43059.11 (From: Binance), Profit Rate: 0.5563961382805627% (Below Threshold)
2024-02-02 03:30:29 [INFO]: Min Price: 42820.0 (From: Quidax), Max Price: 43059.11 (From: Binance), Profit Rate: 0.5563961382805627% (Below Threshold)
2024-02-02 03:30:29 [INFO]: Min Price: 42820.0 (From: Quidax), Max Price: 43059.1 (From: Binance), Profit Rate: 0.5563727851745298% (Below Threshold)
2024-02-02 03:30:30 [INFO]: Min Price: 42820.0 (From: Quidax), Max Price: 43059.1 (From: Binance), Profit Rate: 0.5563727851745298% (Below Threshold)
2024-02-02 03:30:31 [INFO]: Min Price: 42820.0 (From: Quidax), Max Price: 43061.09 (From: Binance), Profit Rate: 0.5610200532744766% (Below Threshold)
2024-02-02 03:30:32 [INFO]: Min Price: 42820.0 (From: Quidax), Max Price: 43061.1 (From: Binance), Profit Rate: 0.5610434063805095% (Below Threshold)
2024-02-02 03:30:33 [INFO]: Min Price: 42820.0 (From: Quidax), Max Price: 43060.21 (From: Binance), Profit Rate: 0.5589649799438388% (Below Threshold)
2024-02-02 03:30:34 [INFO]: Min Price: 42820.0 (From: Quidax), Max Price: 43057.87 (From: Binance), Profit Rate: 0.5535003531328604% (Below Threshold)
2024-02-02 03:30:34 [INFO]: Min Price: 42820.0 (From: Quidax), Max Price: 43057.76 (From: Binance), Profit Rate: 0.5532434689665328% (Below Threshold)
2024-02-02 03:30:35 [INFO]: Min Price: 42820.0 (From: Quidax), Max Price: 43056.23 (From: Binance), Profit Rate: 0.5496704437439621% (Below Threshold)
2024-02-02 03:30:36 [INFO]: Min Price: 42820.0 (From: Quidax), Max Price: 43056.15 (From: Binance), Profit Rate: 0.5494836188957162% (Below Threshold)
2024-02-02 03:30:36 [INFO]: Min Price: 42820.0 (From: Quidax), Max Price: 43056.15 (From: Binance), Profit Rate: 0.5494836188957162% (Below Threshold)
2024-02-02 03:30:37 [INFO]: Min Price: 42820.0 (From: Quidax), Max Price: 43054.25 (From: Binance), Profit Rate: 0.5450465287500312% (Below Threshold)
2024-02-02 03:30:38 [INFO]: Min Price: 42820.0 (From: Quidax), Max Price: 43054.24 (From: Binance), Profit Rate: 0.5450231756439984% (Below Threshold)
2024-02-02 03:30:38 [INFO]: Min Price: 42820.0 (From: Quidax), Max Price: 43054.24 (From: Binance), Profit Rate: 0.5450231756439984% (Below Threshold)
2024-02-02 03:30:39 [INFO]: Min Price: 42820.0 (From: Quidax), Max Price: 43054.24 (From: Binance), Profit Rate: 0.5450231756439984% (Below Threshold)
2024-02-02 03:30:40 [INFO]: Min Price: 42820.0 (From: Quidax), Max Price: 43054.24 (From: Binance), Profit Rate: 0.5450231756439984% (Below Threshold)
2024-02-02 03:30:41 [INFO]: Min Price: 42820.0 (From: Quidax), Max Price: 43054.25 (From: Binance), Profit Rate: 0.5450465287500312% (Below Threshold)
2024-02-02 03:30:42 [INFO]: Min Price: 42820.0 (From: Quidax), Max Price: 43054.24 (From: Binance), Profit Rate: 0.5450231756439984% (Below Threshold)
2024-02-02 03:30:43 [INFO]: Min Price: 42820.0 (From: Quidax), Max Price: 43054.24 (From: Binance), Profit Rate: 0.5450231756439984% (Below Threshold)
2024-02-02 03:30:43 [INFO]: Min Price: 42820.0 (From: Quidax), Max Price: 43054.24 (From: Binance), Profit Rate: 0.5450231756439984% (Below Threshold)
2024-02-02 03:30:45 [INFO]: Min Price: 42820.0 (From: Quidax), Max Price: 43054.24 (From: Binance), Profit Rate: 0.5450231756439984% (Below Threshold)
2024-02-02 03:30:45 [INFO]: Min Price: 42820.0 (From: Quidax), Max Price: 43054.25 (From: Binance), Profit Rate: 0.5450465287500312% (Below Threshold)
2024-02-02 03:30:46 [INFO]: Min Price: 42820.0 (From: Quidax), Max Price: 43054.25 (From: Binance), Profit Rate: 0.5450465287500312% (Below Threshold)
2024-02-02 03:30:47 [INFO]: Min Price: 42820.0 (From: Quidax), Max Price: 43054.24 (From: Binance), Profit Rate: 0.5450231756439984% (Below Threshold)
2024-02-02 03:30:47 [INFO]: Min Price: 42820.0 (From: Quidax), Max Price: 43054.24 (From: Binance), Profit Rate: 0.5450231756439984% (Below Threshold)
2024-02-02 03:30:48 [INFO]: Min Price: 42820.0 (From: Quidax), Max Price: 43054.24 (From: Binance), Profit Rate: 0.5450231756439984% (Below Threshold)
2024-02-02 03:30:49 [INFO]: Min Price: 42820.0 (From: Quidax), Max Price: 43054.24 (From: Binance), Profit Rate: 0.5450231756439984% (Below Threshold)
2024-02-02 03:30:50 [INFO]: Min Price: 42820.0 (From: Quidax), Max Price: 43054.24 (From: Binance), Profit Rate: 0.5450231756439984% (Below Threshold)
2024-02-02 03:30:51 [INFO]: Min Price: 42820.0 (From: Quidax), Max Price: 43054.25 (From: Binance), Profit Rate: 0.5450465287500312% (Below Threshold)
2024-02-02 03:30:52 [INFO]: Min Price: 42820.0 (From: Quidax), Max Price: 43054.25 (From: Binance), Profit Rate: 0.5450465287500312% (Below Threshold)
2024-02-02 03:30:53 [INFO]: Min Price: 42820.0 (From: Quidax), Max Price: 43054.24 (From: Binance), Profit Rate: 0.5450231756439984% (Below Threshold)
2024-02-02 03:30:54 [INFO]: Min Price: 42820.0 (From: Quidax), Max Price: 43054.25 (From: Binance), Profit Rate: 0.5450465287500312% (Below Threshold)
2024-02-02 03:30:54 [INFO]: Min Price: 42820.0 (From: Quidax), Max Price: 43054.24 (From: Binance), Profit Rate: 0.5450231756439984% (Below Threshold)
2024-02-02 03:30:55 [INFO]: Min Price: 42820.0 (From: Quidax), Max Price: 43054.24 (From: Binance), Profit Rate: 0.5450231756439984% (Below Threshold)
2024-02-02 03:30:56 [INFO]: Min Price: 42820.0 (From: Quidax), Max Price: 43054.24 (From: Binance), Profit Rate: 0.5450231756439984% (Below Threshold)
2024-02-02 03:30:57 [INFO]: Min Price: 42820.0 (From: Quidax), Max Price: 43054.24 (From: Binance), Profit Rate: 0.5450231756439984% (Below Threshold)
2024-02-02 03:30:57 [INFO]: Min Price: 42820.0 (From: Quidax), Max Price: 43054.25 (From: Binance), Profit Rate: 0.5450465287500312% (Below Threshold)
2024-02-02 03:30:58 [INFO]: Min Price: 42820.0 (From: Quidax), Max Price: 43054.25 (From: Binance), Profit Rate: 0.5450465287500312% (Below Threshold)
2024-02-02 03:30:59 [INFO]: Min Price: 42820.0 (From: Quidax), Max Price: 43054.24 (From: Binance), Profit Rate: 0.5450231756439984% (Below Threshold)
2024-02-02 03:31:00 [INFO]: Min Price: 42820.0 (From: Quidax), Max Price: 43054.24 (From: Binance), Profit Rate: 0.5450231756439984% (Below Threshold)
2024-02-02 03:31:01 [INFO]: Min Price: 42820.0 (From: Quidax), Max Price: 43054.25 (From: Binance), Profit Rate: 0.5450465287500312% (Below Threshold)
2024-02-02 03:31:01 [INFO]: Min Price: 42820.0 (From: Quidax), Max Price: 43054.25 (From: Binance), Profit Rate: 0.5450465287500312% (Below Threshold)
2024-02-02 03:31:02 [INFO]: Min Price: 42820.0 (From: Quidax), Max Price: 43048.02 (From: Binance), Profit Rate: 0.5304975436934041% (Below Threshold)
2024-02-02 03:31:03 [INFO]: Min Price: 42820.0 (From: Quidax), Max Price: 43047.59 (From: Binance), Profit Rate: 0.5294933601341095% (Below Threshold)
2024-02-02 03:31:03 [INFO]: Min Price: 42820.0 (From: Quidax), Max Price: 43047.59 (From: Binance), Profit Rate: 0.5294933601341095% (Below Threshold)
2024-02-02 03:31:04 [INFO]: Min Price: 42820.0 (From: Quidax), Max Price: 43047.5 (From: Binance), Profit Rate: 0.5292831821798476% (Below Threshold)
2024-02-02 03:31:05 [INFO]: Min Price: 42820.0 (From: Quidax), Max Price: 43047.5 (From: Binance), Profit Rate: 0.5292831821798476% (Below Threshold)
2024-02-02 03:31:05 [INFO]: Min Price: 42820.0 (From: Quidax), Max Price: 43047.5 (From: Binance), Profit Rate: 0.5292831821798476% (Below Threshold)
2024-02-02 03:31:06 [INFO]: Min Price: 42820.0 (From: Quidax), Max Price: 43047.49 (From: Binance), Profit Rate: 0.5292598290738147% (Below Threshold)
2024-02-02 03:31:07 [INFO]: Min Price: 42820.0 (From: Quidax), Max Price: 43047.49 (From: Binance), Profit Rate: 0.5292598290738147% (Below Threshold)
2024-02-02 03:31:09 [INFO]: Min Price: 42820.0 (From: Quidax), Max Price: 43047.49 (From: Binance), Profit Rate: 0.5292598290738147% (Below Threshold)
2024-02-02 03:31:10 [INFO]: Min Price: 42820.0 (From: Quidax), Max Price: 43047.49 (From: Binance), Profit Rate: 0.5292598290738147% (Below Threshold)
2024-02-02 03:31:10 [INFO]: Min Price: 42820.0 (From: Quidax), Max Price: 43047.49 (From: Binance), Profit Rate: 0.5292598290738147% (Below Threshold)
2024-02-02 03:31:11 [INFO]: Min Price: 42820.0 (From: Quidax), Max Price: 43047.49 (From: Binance), Profit Rate: 0.5292598290738147% (Below Threshold)
2024-02-02 03:31:13 [INFO]: Min Price: 42820.0 (From: Quidax), Max Price: 43047.49 (From: Binance), Profit Rate: 0.5292598290738147% (Below Threshold)
2024-02-02 03:31:13 [INFO]: Min Price: 42820.0 (From: Quidax), Max Price: 43047.5 (From: Binance), Profit Rate: 0.5292831821798476% (Below Threshold)
2024-02-02 03:31:14 [INFO]: Min Price: 42820.0 (From: Quidax), Max Price: 43047.49 (From: Binance), Profit Rate: 0.5292598290738147% (Below Threshold)
2024-02-02 03:31:15 [INFO]: Min Price: 42820.0 (From: Quidax), Max Price: 43047.5 (From: Binance), Profit Rate: 0.5292831821798476% (Below Threshold)
2024-02-02 03:31:16 [INFO]: Min Price: 42820.0 (From: Quidax), Max Price: 43047.5 (From: Binance), Profit Rate: 0.5292831821798476% (Below Threshold)
2024-02-02 03:31:17 [INFO]: Min Price: 42820.0 (From: Quidax), Max Price: 43047.5 (From: Binance), Profit Rate: 0.5292831821798476% (Below Threshold)
2024-02-02 03:31:17 [INFO]: Min Price: 42820.0 (From: Quidax), Max Price: 43047.5 (From: Binance), Profit Rate: 0.5292831821798476% (Below Threshold)
2024-02-02 03:31:18 [INFO]: Min Price: 42820.0 (From: Quidax), Max Price: 43047.5 (From: Binance), Profit Rate: 0.5292831821798476% (Below Threshold)
2024-02-02 03:31:19 [INFO]: Min Price: 42820.0 (From: Quidax), Max Price: 43047.49 (From: Binance), Profit Rate: 0.5292598290738147% (Below Threshold)
2024-02-02 03:31:20 [INFO]: Min Price: 42820.0 (From: Quidax), Max Price: 43047.49 (From: Binance), Profit Rate: 0.5292598290738147% (Below Threshold)
2024-02-02 03:31:21 [INFO]: Min Price: 42820.0 (From: Quidax), Max Price: 43047.49 (From: Binance), Profit Rate: 0.5292598290738147% (Below Threshold)
2024-02-02 03:31:22 [INFO]: Min Price: 42820.0 (From: Quidax), Max Price: 43047.49 (From: Binance), Profit Rate: 0.5292598290738147% (Below Threshold)
2024-02-02 03:31:23 [INFO]: Min Price: 42820.0 (From: Quidax), Max Price: 43047.5 (From: Binance), Profit Rate: 0.5292831821798476% (Below Threshold)
2024-02-02 03:31:24 [INFO]: Min Price: 42820.0 (From: Quidax), Max Price: 43047.5 (From: Binance), Profit Rate: 0.5292831821798476% (Below Threshold)
2024-02-02 03:31:24 [INFO]: Min Price: 42820.0 (From: Quidax), Max Price: 43047.49 (From: Binance), Profit Rate: 0.5292598290738147% (Below Threshold)
2024-02-02 03:31:25 [INFO]: Min Price: 42820.0 (From: Quidax), Max Price: 43047.49 (From: Binance), Profit Rate: 0.5292598290738147% (Below Threshold)
2024-02-02 03:31:26 [INFO]: Min Price: 42820.0 (From: Quidax), Max Price: 43047.49 (From: Binance), Profit Rate: 0.5292598290738147% (Below Threshold)
2024-02-02 03:31:26 [INFO]: Min Price: 42820.0 (From: Quidax), Max Price: 43047.5 (From: Binance), Profit Rate: 0.5292831821798476% (Below Threshold)
2024-02-02 03:31:27 [INFO]: Min Price: 42820.0 (From: Quidax), Max Price: 43047.5 (From: Binance), Profit Rate: 0.5292831821798476% (Below Threshold)
2024-02-02 03:31:28 [INFO]: Min Price: 42820.0 (From: Quidax), Max Price: 43047.49 (From: Binance), Profit Rate: 0.5292598290738147% (Below Threshold)
2024-02-02 03:31:28 [INFO]: Min Price: 42820.0 (From: Quidax), Max Price: 43047.5 (From: Binance), Profit Rate: 0.5292831821798476% (Below Threshold)
2024-02-02 03:31:29 [INFO]: Min Price: 42820.0 (From: Quidax), Max Price: 43047.49 (From: Binance), Profit Rate: 0.5292598290738147% (Below Threshold)
2024-02-02 03:31:29 [INFO]: Min Price: 42820.0 (From: Quidax), Max Price: 43047.5 (From: Binance), Profit Rate: 0.5292831821798476% (Below Threshold)
2024-02-02 03:31:30 [INFO]: Min Price: 42820.0 (From: Quidax), Max Price: 43047.5 (From: Binance), Profit Rate: 0.5292831821798476% (Below Threshold)
2024-02-02 03:31:31 [INFO]: Min Price: 42820.0 (From: Quidax), Max Price: 43049.89 (From: Binance), Profit Rate: 0.5348645745209905% (Below Threshold)
2024-02-02 03:31:31 [INFO]: Min Price: 42820.0 (From: Quidax), Max Price: 43050.62 (From: Binance), Profit Rate: 0.5365693512611861% (Below Threshold)
2024-02-02 03:31:32 [INFO]: Min Price: 42820.0 (From: Quidax), Max Price: 43050.61 (From: Binance), Profit Rate: 0.5365459981551534% (Below Threshold)
2024-02-02 03:31:33 [INFO]: Min Price: 42820.0 (From: Quidax), Max Price: 43050.61 (From: Binance), Profit Rate: 0.5365459981551534% (Below Threshold)
2024-02-02 03:31:33 [INFO]: Min Price: 42820.0 (From: Quidax), Max Price: 43050.61 (From: Binance), Profit Rate: 0.5365459981551534% (Below Threshold)
2024-02-02 03:31:34 [INFO]: Min Price: 42820.0 (From: Quidax), Max Price: 43050.61 (From: Binance), Profit Rate: 0.5365459981551534% (Below Threshold)
2024-02-02 03:31:35 [INFO]: Min Price: 42820.0 (From: Quidax), Max Price: 43054.99 (From: Binance), Profit Rate: 0.5467746585962429% (Below Threshold)
2024-02-02 03:31:35 [INFO]: Min Price: 42820.0 (From: Quidax), Max Price: 43054.99 (From: Binance), Profit Rate: 0.5467746585962429% (Below Threshold)
2024-02-02 03:31:37 [INFO]: Min Price: 42820.0 (From: Quidax), Max Price: 43054.99 (From: Binance), Profit Rate: 0.5467746585962429% (Below Threshold)
2024-02-02 03:31:37 [INFO]: Min Price: 42820.0 (From: Quidax), Max Price: 43054.99 (From: Binance), Profit Rate: 0.5467746585962429% (Below Threshold)
2024-02-02 03:31:38 [INFO]: Min Price: 42820.0 (From: Quidax), Max Price: 43054.99 (From: Binance), Profit Rate: 0.5467746585962429% (Below Threshold)
2024-02-02 03:31:39 [INFO]: Min Price: 42820.0 (From: Quidax), Max Price: 43054.99 (From: Binance), Profit Rate: 0.5467746585962429% (Below Threshold)
2024-02-02 03:31:40 [INFO]: Min Price: 42820.0 (From: Quidax), Max Price: 43055.0 (From: Binance), Profit Rate: 0.5467980117022757% (Below Threshold)
2024-02-02 03:31:41 [INFO]: Min Price: 42820.0 (From: Quidax), Max Price: 43054.99 (From: Binance), Profit Rate: 0.5467746585962429% (Below Threshold)
2024-02-02 03:31:41 [INFO]: Min Price: 42820.0 (From: Quidax), Max Price: 43054.99 (From: Binance), Profit Rate: 0.5467746585962429% (Below Threshold)
2024-02-02 03:31:42 [INFO]: Min Price: 42820.0 (From: Quidax), Max Price: 43054.99 (From: Binance), Profit Rate: 0.5467746585962429% (Below Threshold)
2024-02-02 03:31:43 [INFO]: Min Price: 42820.0 (From: Quidax), Max Price: 43054.99 (From: Binance), Profit Rate: 0.5467746585962429% (Below Threshold)
2024-02-02 03:31:44 [INFO]: Min Price: 42820.0 (From: Quidax), Max Price: 43054.99 (From: Binance), Profit Rate: 0.5467746585962429% (Below Threshold)
2024-02-02 03:31:45 [INFO]: Min Price: 42820.0 (From: Quidax), Max Price: 43054.99 (From: Binance), Profit Rate: 0.5467746585962429% (Below Threshold)
2024-02-02 03:31:46 [INFO]: Min Price: 42820.0 (From: Quidax), Max Price: 43054.99 (From: Binance), Profit Rate: 0.5467746585962429% (Below Threshold)
2024-02-02 03:31:46 [INFO]: Min Price: 42820.0 (From: Quidax), Max Price: 43054.99 (From: Binance), Profit Rate: 0.5467746585962429% (Below Threshold)
2024-02-02 03:31:47 [INFO]: Min Price: 42820.0 (From: Quidax), Max Price: 43054.99 (From: Binance), Profit Rate: 0.5467746585962429% (Below Threshold)
2024-02-02 03:31:48 [INFO]: Min Price: 42820.0 (From: Quidax), Max Price: 43054.99 (From: Binance), Profit Rate: 0.5467746585962429% (Below Threshold)
2024-02-02 03:31:48 [INFO]: Min Price: 42820.0 (From: Quidax), Max Price: 43055.0 (From: Binance), Profit Rate: 0.5467980117022757% (Below Threshold)
2024-02-02 03:31:49 [INFO]: Min Price: 42820.0 (From: Quidax), Max Price: 43055.0 (From: Binance), Profit Rate: 0.5467980117022757% (Below Threshold)
2024-02-02 03:31:50 [INFO]: Min Price: 42820.0 (From: Quidax), Max Price: 43055.0 (From: Binance), Profit Rate: 0.5467980117022757% (Below Threshold)
2024-02-02 03:31:50 [INFO]: Min Price: 42820.0 (From: Quidax), Max Price: 43055.0 (From: Binance), Profit Rate: 0.5467980117022757% (Below Threshold)
2024-02-02 03:31:51 [INFO]: Min Price: 42820.0 (From: Quidax), Max Price: 43061.95 (From: Binance), Profit Rate: 0.5630284203930487% (Below Threshold)
2024-02-02 03:31:52 [INFO]: Min Price: 42820.0 (From: Quidax), Max Price: 43061.95 (From: Binance), Profit Rate: 0.5630284203930487% (Below Threshold)
2024-02-02 03:31:53 [INFO]: Min Price: 42820.0 (From: Quidax), Max Price: 43061.03 (From: Binance), Profit Rate: 0.5608799346382964% (Below Threshold)
2024-02-02 03:31:53 [INFO]: Min Price: 42820.0 (From: Quidax), Max Price: 43061.03 (From: Binance), Profit Rate: 0.5608799346382964% (Below Threshold)
2024-02-02 03:31:54 [INFO]: Min Price: 42820.0 (From: Quidax), Max Price: 43061.03 (From: Binance), Profit Rate: 0.5608799346382964% (Below Threshold)
2024-02-02 03:31:55 [INFO]: Min Price: 42820.0 (From: Quidax), Max Price: 43061.04 (From: Binance), Profit Rate: 0.5609032877443293% (Below Threshold)
2024-02-02 03:31:56 [INFO]: Min Price: 42820.0 (From: Quidax), Max Price: 43061.04 (From: Binance), Profit Rate: 0.5609032877443293% (Below Threshold)
2024-02-02 03:31:57 [INFO]: Min Price: 42820.0 (From: Quidax), Max Price: 43061.04 (From: Binance), Profit Rate: 0.5609032877443293% (Below Threshold)
2024-02-02 03:31:57 [INFO]: Min Price: 42820.0 (From: Quidax), Max Price: 43061.04 (From: Binance), Profit Rate: 0.5609032877443293% (Below Threshold)
2024-02-02 03:31:58 [INFO]: Min Price: 42820.0 (From: Quidax), Max Price: 43061.04 (From: Binance), Profit Rate: 0.5609032877443293% (Below Threshold)
2024-02-02 03:31:59 [INFO]: Min Price: 42820.0 (From: Quidax), Max Price: 43061.03 (From: Binance), Profit Rate: 0.5608799346382964% (Below Threshold)
2024-02-02 03:31:59 [INFO]: Min Price: 42820.0 (From: Quidax), Max Price: 43061.04 (From: Binance), Profit Rate: 0.5609032877443293% (Below Threshold)
2024-02-02 03:32:00 [INFO]: Min Price: 42820.0 (From: Quidax), Max Price: 43061.04 (From: Binance), Profit Rate: 0.5609032877443293% (Below Threshold)
2024-02-02 03:32:01 [INFO]: Min Price: 42820.0 (From: Quidax), Max Price: 43061.03 (From: Binance), Profit Rate: 0.5608799346382964% (Below Threshold)
2024-02-02 03:32:02 [INFO]: Min Price: 42820.0 (From: Quidax), Max Price: 43061.04 (From: Binance), Profit Rate: 0.5609032877443293% (Below Threshold)
2024-02-02 03:32:02 [INFO]: Min Price: 42820.0 (From: Quidax), Max Price: 43061.04 (From: Binance), Profit Rate: 0.5609032877443293% (Below Threshold)
2024-02-02 03:32:03 [INFO]: Min Price: 42820.0 (From: Quidax), Max Price: 43061.03 (From: Binance), Profit Rate: 0.5608799346382964% (Below Threshold)
2024-02-02 03:32:04 [INFO]: Min Price: 42820.0 (From: Quidax), Max Price: 43061.03 (From: Binance), Profit Rate: 0.5608799346382964% (Below Threshold)
2024-02-02 03:32:05 [INFO]: Min Price: 42820.0 (From: Quidax), Max Price: 43061.03 (From: Binance), Profit Rate: 0.5608799346382964% (Below Threshold)
2024-02-02 03:32:05 [INFO]: Min Price: 42820.0 (From: Quidax), Max Price: 43061.03 (From: Binance), Profit Rate: 0.5608799346382964% (Below Threshold)
2024-02-02 03:32:06 [INFO]: Min Price: 42820.0 (From: Quidax), Max Price: 43061.04 (From: Binance), Profit Rate: 0.5609032877443293% (Below Threshold)
2024-02-02 03:32:07 [INFO]: Min Price: 42820.0 (From: Quidax), Max Price: 43061.03 (From: Binance), Profit Rate: 0.5608799346382964% (Below Threshold)
2024-02-02 03:32:08 [INFO]: Min Price: 42820.0 (From: Quidax), Max Price: 43061.03 (From: Binance), Profit Rate: 0.5608799346382964% (Below Threshold)
2024-02-02 03:32:09 [INFO]: Min Price: 42820.0 (From: Quidax), Max Price: 43061.04 (From: Binance), Profit Rate: 0.5609032877443293% (Below Threshold)
2024-02-02 03:32:10 [INFO]: Min Price: 42820.0 (From: Quidax), Max Price: 43061.03 (From: Binance), Profit Rate: 0.5608799346382964% (Below Threshold)
2024-02-02 03:32:11 [INFO]: Min Price: 42820.0 (From: Quidax), Max Price: 43061.03 (From: Binance), Profit Rate: 0.5608799346382964% (Below Threshold)
2024-02-02 03:32:11 [INFO]: Min Price: 42820.0 (From: Quidax), Max Price: 43061.03 (From: Binance), Profit Rate: 0.5608799346382964% (Below Threshold)
2024-02-02 03:32:12 [INFO]: Min Price: 42820.0 (From: Quidax), Max Price: 43061.04 (From: Binance), Profit Rate: 0.5609032877443293% (Below Threshold)
2024-02-02 03:32:12 [INFO]: Min Price: 42820.0 (From: Quidax), Max Price: 43061.03 (From: Binance), Profit Rate: 0.5608799346382964% (Below Threshold)
2024-02-02 03:32:13 [INFO]: Min Price: 42820.0 (From: Quidax), Max Price: 43061.03 (From: Binance), Profit Rate: 0.5608799346382964% (Below Threshold)
2024-02-02 03:32:14 [INFO]: Min Price: 42820.0 (From: Quidax), Max Price: 43061.04 (From: Binance), Profit Rate: 0.5609032877443293% (Below Threshold)
2024-02-02 03:32:15 [INFO]: Min Price: 42820.0 (From: Quidax), Max Price: 43061.04 (From: Binance), Profit Rate: 0.5609032877443293% (Below Threshold)
2024-02-02 03:32:16 [INFO]: Min Price: 42820.0 (From: Quidax), Max Price: 43061.04 (From: Binance), Profit Rate: 0.5609032877443293% (Below Threshold)
2024-02-02 03:32:16 [INFO]: Min Price: 42820.0 (From: Quidax), Max Price: 43061.04 (From: Binance), Profit Rate: 0.5609032877443293% (Below Threshold)
2024-02-02 03:32:17 [INFO]: Min Price: 42820.0 (From: Quidax), Max Price: 43061.04 (From: Binance), Profit Rate: 0.5609032877443293% (Below Threshold)
2024-02-02 03:32:18 [INFO]: Min Price: 42820.0 (From: Quidax), Max Price: 43061.04 (From: Binance), Profit Rate: 0.5609032877443293% (Below Threshold)
2024-02-02 03:32:19 [INFO]: Min Price: 42820.0 (From: Quidax), Max Price: 43047.5 (From: Binance), Profit Rate: 0.5292831821798476% (Below Threshold)
2024-02-02 03:32:20 [INFO]: Min Price: 42820.0 (From: Quidax), Max Price: 43044.71 (From: Binance), Profit Rate: 0.522767665597509% (Below Threshold)
2024-02-02 03:32:21 [INFO]: Min Price: 42820.0 (From: Quidax), Max Price: 43044.71 (From: Binance), Profit Rate: 0.522767665597509% (Below Threshold)
2024-02-02 03:32:21 [INFO]: Min Price: 42820.0 (From: Quidax), Max Price: 43044.71 (From: Binance), Profit Rate: 0.522767665597509% (Below Threshold)
2024-02-02 03:32:22 [INFO]: Min Price: 42820.0 (From: Quidax), Max Price: 43044.71 (From: Binance), Profit Rate: 0.522767665597509% (Below Threshold)
2024-02-02 03:32:23 [INFO]: Min Price: 42820.0 (From: Quidax), Max Price: 43044.72 (From: Binance), Profit Rate: 0.5227910187035418% (Below Threshold)
2024-02-02 03:32:24 [INFO]: Min Price: 42820.0 (From: Quidax), Max Price: 43044.72 (From: Binance), Profit Rate: 0.5227910187035418% (Below Threshold)
2024-02-02 03:32:25 [INFO]: Min Price: 42820.0 (From: Quidax), Max Price: 43044.71 (From: Binance), Profit Rate: 0.522767665597509% (Below Threshold)
2024-02-02 03:32:25 [INFO]: Min Price: 42820.0 (From: Quidax), Max Price: 43044.71 (From: Binance), Profit Rate: 0.522767665597509% (Below Threshold)
2024-02-02 03:32:26 [INFO]: Min Price: 42820.0 (From: Quidax), Max Price: 43044.71 (From: Binance), Profit Rate: 0.522767665597509% (Below Threshold)
2024-02-02 03:32:27 [INFO]: Min Price: 42820.0 (From: Quidax), Max Price: 43044.71 (From: Binance), Profit Rate: 0.522767665597509% (Below Threshold)
2024-02-02 03:32:28 [INFO]: Min Price: 42820.0 (From: Quidax), Max Price: 43044.71 (From: Binance), Profit Rate: 0.522767665597509% (Below Threshold)
2024-02-02 03:32:28 [INFO]: Min Price: 42820.0 (From: Quidax), Max Price: 43044.71 (From: Binance), Profit Rate: 0.522767665597509% (Below Threshold)
2024-02-02 03:32:29 [INFO]: Min Price: 42820.0 (From: Quidax), Max Price: 43044.71 (From: Binance), Profit Rate: 0.522767665597509% (Below Threshold)
2024-02-02 03:32:30 [INFO]: Min Price: 42820.0 (From: Quidax), Max Price: 43044.71 (From: Binance), Profit Rate: 0.522767665597509% (Below Threshold)
2024-02-02 03:32:30 [INFO]: Min Price: 42820.0 (From: Quidax), Max Price: 43044.71 (From: Binance), Profit Rate: 0.522767665597509% (Below Threshold)
2024-02-02 03:32:31 [INFO]: Min Price: 42820.0 (From: Quidax), Max Price: 43044.71 (From: Binance), Profit Rate: 0.522767665597509% (Below Threshold)
2024-02-02 03:32:32 [INFO]: Min Price: 42820.0 (From: Quidax), Max Price: 43044.71 (From: Binance), Profit Rate: 0.522767665597509% (Below Threshold)
2024-02-02 03:32:33 [INFO]: Min Price: 42820.0 (From: Quidax), Max Price: 43044.72 (From: Binance), Profit Rate: 0.5227910187035418% (Below Threshold)
2024-02-02 03:32:33 [INFO]: Min Price: 42820.0 (From: Quidax), Max Price: 43044.72 (From: Binance), Profit Rate: 0.5227910187035418% (Below Threshold)
2024-02-02 03:32:34 [INFO]: Min Price: 42820.0 (From: Quidax), Max Price: 43044.72 (From: Binance), Profit Rate: 0.5227910187035418% (Below Threshold)
2024-02-02 03:32:34 [INFO]: Min Price: 42820.0 (From: Quidax), Max Price: 43044.72 (From: Binance), Profit Rate: 0.5227910187035418% (Below Threshold)
2024-02-02 03:32:35 [INFO]: Min Price: 42820.0 (From: Quidax), Max Price: 43044.72 (From: Binance), Profit Rate: 0.5227910187035418% (Below Threshold)
2024-02-02 03:32:36 [INFO]: Min Price: 42820.0 (From: Quidax), Max Price: 43044.71 (From: Binance), Profit Rate: 0.522767665597509% (Below Threshold)
2024-02-02 03:32:36 [INFO]: Min Price: 42820.0 (From: Quidax), Max Price: 43044.71 (From: Binance), Profit Rate: 0.522767665597509% (Below Threshold)
2024-02-02 03:32:37 [INFO]: Min Price: 42820.0 (From: Quidax), Max Price: 43044.71 (From: Binance), Profit Rate: 0.522767665597509% (Below Threshold)
2024-02-02 03:32:38 [INFO]: Min Price: 42820.0 (From: Quidax), Max Price: 43044.72 (From: Binance), Profit Rate: 0.5227910187035418% (Below Threshold)
2024-02-02 03:32:39 [INFO]: Min Price: 42820.0 (From: Quidax), Max Price: 43044.71 (From: Binance), Profit Rate: 0.522767665597509% (Below Threshold)
2024-02-02 03:32:39 [INFO]: Min Price: 42820.0 (From: Quidax), Max Price: 43044.72 (From: Binance), Profit Rate: 0.5227910187035418% (Below Threshold)
2024-02-02 03:32:40 [INFO]: Min Price: 42820.0 (From: Quidax), Max Price: 43044.71 (From: Binance), Profit Rate: 0.522767665597509% (Below Threshold)
2024-02-02 03:32:41 [INFO]: Min Price: 42820.0 (From: Quidax), Max Price: 43044.71 (From: Binance), Profit Rate: 0.522767665597509% (Below Threshold)
2024-02-02 03:32:41 [INFO]: Min Price: 42820.0 (From: Quidax), Max Price: 43044.71 (From: Binance), Profit Rate: 0.522767665597509% (Below Threshold)
2024-02-02 03:32:42 [INFO]: Min Price: 42820.0 (From: Quidax), Max Price: 43044.72 (From: Binance), Profit Rate: 0.5227910187035418% (Below Threshold)
2024-02-02 03:32:43 [INFO]: Min Price: 42820.0 (From: Quidax), Max Price: 43044.71 (From: Binance), Profit Rate: 0.522767665597509% (Below Threshold)
2024-02-02 03:32:43 [INFO]: Min Price: 42820.0 (From: Quidax), Max Price: 43044.71 (From: Binance), Profit Rate: 0.522767665597509% (Below Threshold)
2024-02-02 03:32:44 [INFO]: Min Price: 42820.0 (From: Quidax), Max Price: 43044.72 (From: Binance), Profit Rate: 0.5227910187035418% (Below Threshold)
2024-02-02 03:32:46 [INFO]: Min Price: 42820.0 (From: Quidax), Max Price: 43052.62 (From: Binance), Profit Rate: 0.5412399724671658% (Below Threshold)
2024-02-02 03:32:47 [INFO]: Min Price: 42820.0 (From: Quidax), Max Price: 43052.63 (From: Binance), Profit Rate: 0.5412633255731817% (Below Threshold)
2024-02-02 03:32:48 [INFO]: Min Price: 42820.0 (From: Quidax), Max Price: 43052.62 (From: Binance), Profit Rate: 0.5412399724671658% (Below Threshold)
2024-02-02 03:32:48 [INFO]: Min Price: 42820.0 (From: Quidax), Max Price: 43052.62 (From: Binance), Profit Rate: 0.5412399724671658% (Below Threshold)
2024-02-02 03:32:50 [INFO]: Min Price: 42820.0 (From: Quidax), Max Price: 43052.62 (From: Binance), Profit Rate: 0.5412399724671658% (Below Threshold)
2024-02-02 03:32:50 [INFO]: Min Price: 42820.0 (From: Quidax), Max Price: 43052.63 (From: Binance), Profit Rate: 0.5412633255731817% (Below Threshold)
2024-02-02 03:32:51 [INFO]: Min Price: 42820.0 (From: Quidax), Max Price: 43055.03 (From: Binance), Profit Rate: 0.5468680710203573% (Below Threshold)
2024-02-02 03:32:52 [INFO]: Min Price: 42820.0 (From: Quidax), Max Price: 43055.12 (From: Binance), Profit Rate: 0.5470782489746362% (Below Threshold)
2024-02-02 03:32:53 [INFO]: Min Price: 42820.0 (From: Quidax), Max Price: 43055.12 (From: Binance), Profit Rate: 0.5470782489746362% (Below Threshold)
2024-02-02 03:32:53 [INFO]: Min Price: 42820.0 (From: Quidax), Max Price: 43059.6 (From: Binance), Profit Rate: 0.5575404404760206% (Below Threshold)
2024-02-02 03:32:55 [INFO]: Min Price: 42820.0 (From: Quidax), Max Price: 43061.1 (From: Binance), Profit Rate: 0.5610434063805095% (Below Threshold)
2024-02-02 03:32:55 [INFO]: Min Price: 42820.0 (From: Quidax), Max Price: 43062.99 (From: Binance), Profit Rate: 0.5654571434201616% (Below Threshold)
2024-02-02 03:32:56 [INFO]: Min Price: 42820.0 (From: Quidax), Max Price: 43062.99 (From: Binance), Profit Rate: 0.5654571434201616% (Below Threshold)
2024-02-02 03:32:57 [INFO]: Min Price: 42820.0 (From: Quidax), Max Price: 43062.99 (From: Binance), Profit Rate: 0.5654571434201616% (Below Threshold)
2024-02-02 03:32:57 [INFO]: Min Price: 42820.0 (From: Quidax), Max Price: 43062.99 (From: Binance), Profit Rate: 0.5654571434201616% (Below Threshold)
2024-02-02 03:32:58 [INFO]: Min Price: 42820.0 (From: Quidax), Max Price: 43062.99 (From: Binance), Profit Rate: 0.5654571434201616% (Below Threshold)
2024-02-02 03:32:59 [INFO]: Min Price: 42820.0 (From: Quidax), Max Price: 43062.99 (From: Binance), Profit Rate: 0.5654571434201616% (Below Threshold)
2024-02-02 03:32:59 [INFO]: Min Price: 42820.0 (From: Quidax), Max Price: 43062.99 (From: Binance), Profit Rate: 0.5654571434201616% (Below Threshold)
2024-02-02 03:33:00 [INFO]: Min Price: 42820.0 (From: Quidax), Max Price: 43063.0 (From: Binance), Profit Rate: 0.5654804965261945% (Below Threshold)
2024-02-02 03:33:01 [INFO]: Min Price: 42820.0 (From: Quidax), Max Price: 43063.0 (From: Binance), Profit Rate: 0.5654804965261945% (Below Threshold)
2024-02-02 03:33:02 [INFO]: Min Price: 42820.0 (From: Quidax), Max Price: 43062.99 (From: Binance), Profit Rate: 0.5654571434201616% (Below Threshold)
2024-02-02 03:33:03 [INFO]: Min Price: 42820.0 (From: Quidax), Max Price: 43062.99 (From: Binance), Profit Rate: 0.5654571434201616% (Below Threshold)
2024-02-02 03:33:03 [INFO]: Min Price: 42820.0 (From: Quidax), Max Price: 43063.0 (From: Binance), Profit Rate: 0.5654804965261945% (Below Threshold)
2024-02-02 03:33:04 [INFO]: Min Price: 42820.0 (From: Quidax), Max Price: 43062.99 (From: Binance), Profit Rate: 0.5654571434201616% (Below Threshold)
2024-02-02 03:33:05 [INFO]: Min Price: 42820.0 (From: Quidax), Max Price: 43063.0 (From: Binance), Profit Rate: 0.5654804965261945% (Below Threshold)
2024-02-02 03:33:06 [INFO]: Min Price: 42820.0 (From: Quidax), Max Price: 43063.0 (From: Binance), Profit Rate: 0.5654804965261945% (Below Threshold)
2024-02-02 03:33:07 [INFO]: Min Price: 42820.0 (From: Quidax), Max Price: 43063.0 (From: Binance), Profit Rate: 0.5654804965261945% (Below Threshold)
2024-02-02 03:33:07 [INFO]: Min Price: 42820.0 (From: Quidax), Max Price: 43067.99 (From: Binance), Profit Rate: 0.5771336964351023% (Below Threshold)
2024-02-02 03:33:08 [INFO]: Min Price: 42820.0 (From: Quidax), Max Price: 43067.99 (From: Binance), Profit Rate: 0.5771336964351023% (Below Threshold)
2024-02-02 03:33:09 [INFO]: Min Price: 42820.0 (From: Quidax), Max Price: 43068.0 (From: Binance), Profit Rate: 0.5771570495411352% (Below Threshold)
2024-02-02 03:33:10 [INFO]: Min Price: 42820.0 (From: Quidax), Max Price: 43068.0 (From: Binance), Profit Rate: 0.5771570495411352% (Below Threshold)
2024-02-02 03:33:11 [INFO]: Min Price: 42820.0 (From: Quidax), Max Price: 43068.0 (From: Binance), Profit Rate: 0.5771570495411352% (Below Threshold)
2024-02-02 03:33:12 [INFO]: Min Price: 42820.0 (From: Quidax), Max Price: 43068.0 (From: Binance), Profit Rate: 0.5771570495411352% (Below Threshold)
2024-02-02 03:33:12 [INFO]: Min Price: 42820.0 (From: Quidax), Max Price: 43068.0 (From: Binance), Profit Rate: 0.5771570495411352% (Below Threshold)
2024-02-02 03:33:13 [INFO]: Min Price: 42820.0 (From: Quidax), Max Price: 43067.99 (From: Binance), Profit Rate: 0.5771336964351023% (Below Threshold)
2024-02-02 03:33:14 [INFO]: Min Price: 42820.0 (From: Quidax), Max Price: 43068.0 (From: Binance), Profit Rate: 0.5771570495411352% (Below Threshold)
2024-02-02 03:33:14 [INFO]: Min Price: 42820.0 (From: Quidax), Max Price: 43067.99 (From: Binance), Profit Rate: 0.5771336964351023% (Below Threshold)
2024-02-02 03:33:15 [INFO]: Min Price: 42820.0 (From: Quidax), Max Price: 43068.0 (From: Binance), Profit Rate: 0.5771570495411352% (Below Threshold)
2024-02-02 03:33:16 [INFO]: Min Price: 42820.0 (From: Quidax), Max Price: 43068.0 (From: Binance), Profit Rate: 0.5771570495411352% (Below Threshold)
2024-02-02 03:33:17 [INFO]: Min Price: 42820.0 (From: Quidax), Max Price: 43068.0 (From: Binance), Profit Rate: 0.5771570495411352% (Below Threshold)
2024-02-02 03:33:17 [INFO]: Min Price: 42820.0 (From: Quidax), Max Price: 43071.83 (From: Binance), Profit Rate: 0.5861012891505867% (Below Threshold)
2024-02-02 03:33:18 [INFO]: Min Price: 42820.0 (From: Quidax), Max Price: 43071.83 (From: Binance), Profit Rate: 0.5861012891505867% (Below Threshold)
2024-02-02 03:33:18 [INFO]: Min Price: 42820.0 (From: Quidax), Max Price: 43071.99 (From: Binance), Profit Rate: 0.5864749388470617% (Below Threshold)
2024-02-02 03:33:19 [INFO]: Min Price: 42820.0 (From: Quidax), Max Price: 43071.99 (From: Binance), Profit Rate: 0.5864749388470617% (Below Threshold)
2024-02-02 03:33:20 [INFO]: Min Price: 42820.0 (From: Quidax), Max Price: 43071.99 (From: Binance), Profit Rate: 0.5864749388470617% (Below Threshold)
2024-02-02 03:33:21 [INFO]: Min Price: 42820.0 (From: Quidax), Max Price: 43068.52 (From: Binance), Profit Rate: 0.5783714110546746% (Below Threshold)
2024-02-02 03:33:21 [INFO]: Min Price: 42820.0 (From: Quidax), Max Price: 43068.52 (From: Binance), Profit Rate: 0.5783714110546746% (Below Threshold)
2024-02-02 03:33:22 [INFO]: Min Price: 42820.0 (From: Quidax), Max Price: 43068.48 (From: Binance), Profit Rate: 0.578277998630577% (Below Threshold)
2024-02-02 03:33:23 [INFO]: Min Price: 42820.0 (From: Quidax), Max Price: 43068.49 (From: Binance), Profit Rate: 0.5783013517365929% (Below Threshold)
2024-02-02 03:33:23 [INFO]: Min Price: 42820.0 (From: Quidax), Max Price: 43068.49 (From: Binance), Profit Rate: 0.5783013517365929% (Below Threshold)
2024-02-02 03:33:24 [INFO]: Min Price: 42820.0 (From: Quidax), Max Price: 43068.49 (From: Binance), Profit Rate: 0.5783013517365929% (Below Threshold)
2024-02-02 03:33:25 [INFO]: Min Price: 42820.0 (From: Quidax), Max Price: 43068.49 (From: Binance), Profit Rate: 0.5783013517365929% (Below Threshold)
2024-02-02 03:33:25 [INFO]: Min Price: 42820.0 (From: Quidax), Max Price: 43068.49 (From: Binance), Profit Rate: 0.5783013517365929% (Below Threshold)
2024-02-02 03:33:27 [INFO]: Min Price: 42820.0 (From: Quidax), Max Price: 43068.49 (From: Binance), Profit Rate: 0.5783013517365929% (Below Threshold)
2024-02-02 03:33:27 [INFO]: Min Price: 42820.0 (From: Quidax), Max Price: 43068.48 (From: Binance), Profit Rate: 0.578277998630577% (Below Threshold)
2024-02-02 03:33:28 [INFO]: Min Price: 42820.0 (From: Quidax), Max Price: 43068.49 (From: Binance), Profit Rate: 0.5783013517365929% (Below Threshold)
2024-02-02 03:33:29 [INFO]: Min Price: 42820.0 (From: Quidax), Max Price: 43068.49 (From: Binance), Profit Rate: 0.5783013517365929% (Below Threshold)
2024-02-02 03:33:30 [INFO]: Min Price: 42820.0 (From: Quidax), Max Price: 43068.48 (From: Binance), Profit Rate: 0.578277998630577% (Below Threshold)
2024-02-02 03:33:30 [INFO]: Min Price: 42820.0 (From: Quidax), Max Price: 43068.48 (From: Binance), Profit Rate: 0.578277998630577% (Below Threshold)
2024-02-02 03:33:31 [INFO]: Min Price: 42820.0 (From: Quidax), Max Price: 43068.48 (From: Binance), Profit Rate: 0.578277998630577% (Below Threshold)
2024-02-02 03:33:32 [INFO]: Min Price: 42820.0 (From: Quidax), Max Price: 43068.49 (From: Binance), Profit Rate: 0.5783013517365929% (Below Threshold)
2024-02-02 03:33:33 [INFO]: Min Price: 42820.0 (From: Quidax), Max Price: 43068.49 (From: Binance), Profit Rate: 0.5783013517365929% (Below Threshold)
2024-02-02 03:33:34 [INFO]: Min Price: 42820.0 (From: Quidax), Max Price: 43068.48 (From: Binance), Profit Rate: 0.578277998630577% (Below Threshold)
2024-02-02 03:33:35 [INFO]: Min Price: 42820.0 (From: Quidax), Max Price: 43068.48 (From: Binance), Profit Rate: 0.578277998630577% (Below Threshold)
2024-02-02 03:33:35 [INFO]: Min Price: 42820.0 (From: Quidax), Max Price: 43068.48 (From: Binance), Profit Rate: 0.578277998630577% (Below Threshold)
2024-02-02 03:33:36 [INFO]: Min Price: 42820.0 (From: Quidax), Max Price: 43068.48 (From: Binance), Profit Rate: 0.578277998630577% (Below Threshold)
2024-02-02 03:33:36 [INFO]: Min Price: 42820.0 (From: Quidax), Max Price: 43068.48 (From: Binance), Profit Rate: 0.578277998630577% (Below Threshold)
2024-02-02 03:33:37 [INFO]: Min Price: 42820.0 (From: Quidax), Max Price: 43068.48 (From: Binance), Profit Rate: 0.578277998630577% (Below Threshold)
2024-02-02 03:33:38 [INFO]: Min Price: 42820.0 (From: Quidax), Max Price: 43068.49 (From: Binance), Profit Rate: 0.5783013517365929% (Below Threshold)
2024-02-02 03:33:39 [INFO]: Min Price: 42820.0 (From: Quidax), Max Price: 43068.49 (From: Binance), Profit Rate: 0.5783013517365929% (Below Threshold)
2024-02-02 03:33:39 [INFO]: Min Price: 42820.0 (From: Quidax), Max Price: 43068.48 (From: Binance), Profit Rate: 0.578277998630577% (Below Threshold)
2024-02-02 03:33:40 [INFO]: Min Price: 42820.0 (From: Quidax), Max Price: 43068.49 (From: Binance), Profit Rate: 0.5783013517365929% (Below Threshold)
2024-02-02 03:33:41 [INFO]: Min Price: 42820.0 (From: Quidax), Max Price: 43068.49 (From: Binance), Profit Rate: 0.5783013517365929% (Below Threshold)
2024-02-02 03:33:42 [INFO]: Min Price: 42820.0 (From: Quidax), Max Price: 43068.49 (From: Binance), Profit Rate: 0.5783013517365929% (Below Threshold)
2024-02-02 03:33:43 [INFO]: Min Price: 42820.0 (From: Quidax), Max Price: 43068.48 (From: Binance), Profit Rate: 0.578277998630577% (Below Threshold)
2024-02-02 03:33:44 [INFO]: Min Price: 42820.0 (From: Quidax), Max Price: 43068.48 (From: Binance), Profit Rate: 0.578277998630577% (Below Threshold)
2024-02-02 03:33:45 [INFO]: Min Price: 42820.0 (From: Quidax), Max Price: 43068.49 (From: Binance), Profit Rate: 0.5783013517365929% (Below Threshold)
2024-02-02 03:33:46 [INFO]: Min Price: 42820.0 (From: Quidax), Max Price: 43068.48 (From: Binance), Profit Rate: 0.578277998630577% (Below Threshold)
2024-02-02 03:33:47 [INFO]: Min Price: 42820.0 (From: Quidax), Max Price: 43068.49 (From: Binance), Profit Rate: 0.5783013517365929% (Below Threshold)
2024-02-02 03:33:47 [INFO]: Min Price: 42820.0 (From: Quidax), Max Price: 43068.48 (From: Binance), Profit Rate: 0.578277998630577% (Below Threshold)
2024-02-02 03:33:48 [INFO]: Min Price: 42820.0 (From: Quidax), Max Price: 43068.48 (From: Binance), Profit Rate: 0.578277998630577% (Below Threshold)
2024-02-02 03:33:49 [INFO]: Min Price: 42820.0 (From: Quidax), Max Price: 43068.49 (From: Binance), Profit Rate: 0.5783013517365929% (Below Threshold)
2024-02-02 03:33:49 [INFO]: Min Price: 42820.0 (From: Quidax), Max Price: 43068.48 (From: Binance), Profit Rate: 0.578277998630577% (Below Threshold)
2024-02-02 03:33:50 [INFO]: Min Price: 42820.0 (From: Quidax), Max Price: 43068.49 (From: Binance), Profit Rate: 0.5783013517365929% (Below Threshold)
2024-02-02 03:33:50 [INFO]: Min Price: 42820.0 (From: Quidax), Max Price: 43068.48 (From: Binance), Profit Rate: 0.578277998630577% (Below Threshold)
2024-02-02 03:33:51 [INFO]: Min Price: 42820.0 (From: Quidax), Max Price: 43068.48 (From: Binance), Profit Rate: 0.578277998630577% (Below Threshold)
2024-02-02 03:33:52 [INFO]: Min Price: 42820.0 (From: Quidax), Max Price: 43068.48 (From: Binance), Profit Rate: 0.578277998630577% (Below Threshold)
2024-02-02 03:33:53 [INFO]: Min Price: 42820.0 (From: Quidax), Max Price: 43068.48 (From: Binance), Profit Rate: 0.578277998630577% (Below Threshold)
2024-02-02 03:33:53 [INFO]: Min Price: 42820.0 (From: Quidax), Max Price: 43068.49 (From: Binance), Profit Rate: 0.5783013517365929% (Below Threshold)
2024-02-02 03:33:54 [INFO]: Min Price: 42820.0 (From: Quidax), Max Price: 43068.49 (From: Binance), Profit Rate: 0.5783013517365929% (Below Threshold)
2024-02-02 03:33:55 [INFO]: Min Price: 42820.0 (From: Quidax), Max Price: 43068.49 (From: Binance), Profit Rate: 0.5783013517365929% (Below Threshold)
2024-02-02 03:33:57 [INFO]: Min Price: 42820.0 (From: Quidax), Max Price: 43068.49 (From: Binance), Profit Rate: 0.5783013517365929% (Below Threshold)
2024-02-02 03:33:58 [INFO]: Min Price: 42820.0 (From: Quidax), Max Price: 43068.5 (From: Binance), Profit Rate: 0.5783247048426259% (Below Threshold)
2024-02-02 03:33:59 [INFO]: Min Price: 42820.0 (From: Quidax), Max Price: 43068.5 (From: Binance), Profit Rate: 0.5783247048426259% (Below Threshold)
2024-02-02 03:34:00 [INFO]: Min Price: 42820.0 (From: Quidax), Max Price: 43068.5 (From: Binance), Profit Rate: 0.5783247048426259% (Below Threshold)
2024-02-02 03:34:00 [INFO]: Min Price: 42820.0 (From: Quidax), Max Price: 43068.5 (From: Binance), Profit Rate: 0.5783247048426259% (Below Threshold)
2024-02-02 03:34:01 [INFO]: Min Price: 42820.0 (From: Quidax), Max Price: 43068.5 (From: Binance), Profit Rate: 0.5783247048426259% (Below Threshold)
2024-02-02 03:34:02 [INFO]: Min Price: 42820.0 (From: Quidax), Max Price: 43068.49 (From: Binance), Profit Rate: 0.5783013517365929% (Below Threshold)
2024-02-02 03:34:03 [INFO]: Min Price: 42820.0 (From: Quidax), Max Price: 43068.5 (From: Binance), Profit Rate: 0.5783247048426259% (Below Threshold)
2024-02-02 03:34:03 [INFO]: Min Price: 42820.0 (From: Quidax), Max Price: 43071.04 (From: Binance), Profit Rate: 0.5842563937742278% (Below Threshold)
2024-02-02 03:34:05 [INFO]: Min Price: 42820.0 (From: Quidax), Max Price: 43071.04 (From: Binance), Profit Rate: 0.5842563937742278% (Below Threshold)
2024-02-02 03:34:06 [INFO]: Min Price: 42820.0 (From: Quidax), Max Price: 43071.03 (From: Binance), Profit Rate: 0.5842330406681948% (Below Threshold)
2024-02-02 03:34:06 [INFO]: Min Price: 42820.0 (From: Quidax), Max Price: 43071.03 (From: Binance), Profit Rate: 0.5842330406681948% (Below Threshold)
2024-02-02 03:34:07 [INFO]: Min Price: 42820.0 (From: Quidax), Max Price: 43075.6 (From: Binance), Profit Rate: 0.594905410123841% (Below Threshold)
2024-02-02 03:34:07 [INFO]: Min Price: 42820.0 (From: Quidax), Max Price: 43075.6 (From: Binance), Profit Rate: 0.594905410123841% (Below Threshold)
2024-02-02 03:34:08 [INFO]: Min Price: 42820.0 (From: Quidax), Max Price: 43075.59 (From: Binance), Profit Rate: 0.5948820570178082% (Below Threshold)
2024-02-02 03:34:09 [INFO]: Min Price: 42820.0 (From: Quidax), Max Price: 43075.59 (From: Binance), Profit Rate: 0.5948820570178082% (Below Threshold)
2024-02-02 03:34:10 [INFO]: Min Price: 42820.0 (From: Quidax), Max Price: 43075.59 (From: Binance), Profit Rate: 0.5948820570178082% (Below Threshold)
2024-02-02 03:34:11 [INFO]: Min Price: 42820.0 (From: Quidax), Max Price: 43075.59 (From: Binance), Profit Rate: 0.5948820570178082% (Below Threshold)
2024-02-02 03:34:12 [INFO]: Min Price: 42820.0 (From: Quidax), Max Price: 43075.59 (From: Binance), Profit Rate: 0.5948820570178082% (Below Threshold)
2024-02-02 03:34:13 [INFO]: Min Price: 42820.0 (From: Quidax), Max Price: 43075.6 (From: Binance), Profit Rate: 0.594905410123841% (Below Threshold)
2024-02-02 03:34:13 [INFO]: Min Price: 42820.0 (From: Quidax), Max Price: 43075.6 (From: Binance), Profit Rate: 0.594905410123841% (Below Threshold)
2024-02-02 03:34:14 [INFO]: Min Price: 42820.0 (From: Quidax), Max Price: 43075.6 (From: Binance), Profit Rate: 0.594905410123841% (Below Threshold)
2024-02-02 03:34:15 [INFO]: Min Price: 42820.0 (From: Quidax), Max Price: 43075.6 (From: Binance), Profit Rate: 0.594905410123841% (Below Threshold)
2024-02-02 03:34:16 [INFO]: Min Price: 42820.0 (From: Quidax), Max Price: 43075.59 (From: Binance), Profit Rate: 0.5948820570178082% (Below Threshold)
2024-02-02 03:34:17 [INFO]: Min Price: 42820.0 (From: Quidax), Max Price: 43075.59 (From: Binance), Profit Rate: 0.5948820570178082% (Below Threshold)
2024-02-02 03:34:18 [INFO]: Min Price: 42820.0 (From: Quidax), Max Price: 43075.59 (From: Binance), Profit Rate: 0.5948820570178082% (Below Threshold)
2024-02-02 03:34:18 [INFO]: Min Price: 42820.0 (From: Quidax), Max Price: 43075.59 (From: Binance), Profit Rate: 0.5948820570178082% (Below Threshold)
2024-02-02 03:34:19 [INFO]: Min Price: 42820.0 (From: Quidax), Max Price: 43075.59 (From: Binance), Profit Rate: 0.5948820570178082% (Below Threshold)
2024-02-02 03:34:20 [INFO]: Min Price: 42820.0 (From: Quidax), Max Price: 43075.59 (From: Binance), Profit Rate: 0.5948820570178082% (Below Threshold)
2024-02-02 03:34:21 [INFO]: Min Price: 42820.0 (From: Quidax), Max Price: 43075.59 (From: Binance), Profit Rate: 0.5948820570178082% (Below Threshold)
2024-02-02 03:34:22 [INFO]: Min Price: 42820.0 (From: Quidax), Max Price: 43075.59 (From: Binance), Profit Rate: 0.5948820570178082% (Below Threshold)
2024-02-02 03:34:23 [INFO]: Min Price: 42820.0 (From: Quidax), Max Price: 43075.59 (From: Binance), Profit Rate: 0.5948820570178082% (Below Threshold)
2024-02-02 03:34:23 [INFO]: Min Price: 42820.0 (From: Quidax), Max Price: 43075.6 (From: Binance), Profit Rate: 0.594905410123841% (Below Threshold)
2024-02-02 03:34:24 [INFO]: Min Price: 42820.0 (From: Quidax), Max Price: 43075.6 (From: Binance), Profit Rate: 0.594905410123841% (Below Threshold)
2024-02-02 03:34:25 [INFO]: Min Price: 42820.0 (From: Quidax), Max Price: 43075.6 (From: Binance), Profit Rate: 0.594905410123841% (Below Threshold)
2024-02-02 03:34:25 [INFO]: Min Price: 42820.0 (From: Quidax), Max Price: 43075.6 (From: Binance), Profit Rate: 0.594905410123841% (Below Threshold)
2024-02-02 03:34:26 [INFO]: Min Price: 42820.0 (From: Quidax), Max Price: 43075.59 (From: Binance), Profit Rate: 0.5948820570178082% (Below Threshold)
2024-02-02 03:34:27 [INFO]: Min Price: 42820.0 (From: Quidax), Max Price: 43075.59 (From: Binance), Profit Rate: 0.5948820570178082% (Below Threshold)
2024-02-02 03:34:27 [INFO]: Min Price: 42820.0 (From: Quidax), Max Price: 43075.6 (From: Binance), Profit Rate: 0.594905410123841% (Below Threshold)
2024-02-02 03:34:28 [INFO]: Min Price: 42820.0 (From: Quidax), Max Price: 43075.6 (From: Binance), Profit Rate: 0.594905410123841% (Below Threshold)
2024-02-02 03:34:29 [INFO]: Min Price: 42820.0 (From: Quidax), Max Price: 43075.6 (From: Binance), Profit Rate: 0.594905410123841% (Below Threshold)
2024-02-02 03:34:30 [INFO]: Min Price: 42820.0 (From: Quidax), Max Price: 43075.6 (From: Binance), Profit Rate: 0.594905410123841% (Below Threshold)
2024-02-02 03:34:30 [INFO]: Min Price: 42820.0 (From: Quidax), Max Price: 43075.6 (From: Binance), Profit Rate: 0.594905410123841% (Below Threshold)
2024-02-02 03:34:31 [INFO]: Min Price: 42820.0 (From: Quidax), Max Price: 43075.6 (From: Binance), Profit Rate: 0.594905410123841% (Below Threshold)
2024-02-02 03:34:32 [INFO]: Min Price: 42820.0 (From: Quidax), Max Price: 43075.59 (From: Binance), Profit Rate: 0.5948820570178082% (Below Threshold)
2024-02-02 03:34:32 [INFO]: Min Price: 42820.0 (From: Quidax), Max Price: 43075.59 (From: Binance), Profit Rate: 0.5948820570178082% (Below Threshold)
2024-02-02 03:34:33 [INFO]: Min Price: 42820.0 (From: Quidax), Max Price: 43075.6 (From: Binance), Profit Rate: 0.594905410123841% (Below Threshold)
2024-02-02 03:34:34 [INFO]: Min Price: 42820.0 (From: Quidax), Max Price: 43075.6 (From: Binance), Profit Rate: 0.594905410123841% (Below Threshold)
2024-02-02 03:34:35 [INFO]: Min Price: 42820.0 (From: Quidax), Max Price: 43075.62 (From: Binance), Profit Rate: 0.5949521163359237% (Below Threshold)
2024-02-02 03:34:35 [INFO]: Min Price: 42820.0 (From: Quidax), Max Price: 43075.62 (From: Binance), Profit Rate: 0.5949521163359237% (Below Threshold)
2024-02-02 03:34:36 [INFO]: Min Price: 42820.0 (From: Quidax), Max Price: 43075.62 (From: Binance), Profit Rate: 0.5949521163359237% (Below Threshold)
2024-02-02 03:34:37 [INFO]: Min Price: 42820.0 (From: Quidax), Max Price: 43075.63 (From: Binance), Profit Rate: 0.5949754694419396% (Below Threshold)
2024-02-02 03:34:37 [INFO]: Min Price: 42820.0 (From: Quidax), Max Price: 43075.63 (From: Binance), Profit Rate: 0.5949754694419396% (Below Threshold)
2024-02-02 03:34:38 [INFO]: Min Price: 42820.0 (From: Quidax), Max Price: 43075.62 (From: Binance), Profit Rate: 0.5949521163359237% (Below Threshold)
2024-02-02 03:34:39 [INFO]: Min Price: 42820.0 (From: Quidax), Max Price: 43075.62 (From: Binance), Profit Rate: 0.5949521163359237% (Below Threshold)
2024-02-02 03:34:40 [INFO]: Min Price: 42820.0 (From: Quidax), Max Price: 43075.62 (From: Binance), Profit Rate: 0.5949521163359237% (Below Threshold)
2024-02-02 03:34:40 [INFO]: Min Price: 42820.0 (From: Quidax), Max Price: 43075.62 (From: Binance), Profit Rate: 0.5949521163359237% (Below Threshold)
2024-02-02 03:34:41 [INFO]: Min Price: 42820.0 (From: Quidax), Max Price: 43075.63 (From: Binance), Profit Rate: 0.5949754694419396% (Below Threshold)
2024-02-02 03:34:42 [INFO]: Min Price: 42820.0 (From: Quidax), Max Price: 43075.62 (From: Binance), Profit Rate: 0.5949521163359237% (Below Threshold)
2024-02-02 03:34:43 [INFO]: Min Price: 42820.0 (From: Quidax), Max Price: 43075.62 (From: Binance), Profit Rate: 0.5949521163359237% (Below Threshold)
2024-02-02 03:34:43 [INFO]: Min Price: 42820.0 (From: Quidax), Max Price: 43075.62 (From: Binance), Profit Rate: 0.5949521163359237% (Below Threshold)
2024-02-02 03:34:44 [INFO]: Min Price: 42820.0 (From: Quidax), Max Price: 43075.62 (From: Binance), Profit Rate: 0.5949521163359237% (Below Threshold)
2024-02-02 03:34:44 [INFO]: Min Price: 42820.0 (From: Quidax), Max Price: 43075.62 (From: Binance), Profit Rate: 0.5949521163359237% (Below Threshold)
2024-02-02 03:34:46 [INFO]: Min Price: 42820.0 (From: Quidax), Max Price: 43075.62 (From: Binance), Profit Rate: 0.5949521163359237% (Below Threshold)
2024-02-02 03:34:47 [INFO]: Min Price: 42820.0 (From: Quidax), Max Price: 43075.63 (From: Binance), Profit Rate: 0.5949754694419396% (Below Threshold)
2024-02-02 03:34:47 [INFO]: Min Price: 42820.0 (From: Quidax), Max Price: 43076.39 (From: Binance), Profit Rate: 0.5967503055002169% (Below Threshold)
2024-02-02 03:34:48 [INFO]: Min Price: 42820.0 (From: Quidax), Max Price: 43076.39 (From: Binance), Profit Rate: 0.5967503055002169% (Below Threshold)
2024-02-02 03:34:49 [INFO]: Min Price: 42820.0 (From: Quidax), Max Price: 43076.39 (From: Binance), Profit Rate: 0.5967503055002169% (Below Threshold)
2024-02-02 03:34:50 [INFO]: Min Price: 42820.0 (From: Quidax), Max Price: 43076.48 (From: Binance), Profit Rate: 0.5969604834544958% (Below Threshold)
2024-02-02 03:34:50 [INFO]: Min Price: 42820.0 (From: Quidax), Max Price: 43076.48 (From: Binance), Profit Rate: 0.5969604834544958% (Below Threshold)
2024-02-02 03:34:51 [INFO]: Min Price: 42820.0 (From: Quidax), Max Price: 43076.48 (From: Binance), Profit Rate: 0.5969604834544958% (Below Threshold)
2024-02-02 03:34:52 [INFO]: Min Price: 42820.0 (From: Quidax), Max Price: 43076.49 (From: Binance), Profit Rate: 0.5969838365605117% (Below Threshold)
2024-02-02 03:34:53 [INFO]: Min Price: 42820.0 (From: Quidax), Max Price: 43076.49 (From: Binance), Profit Rate: 0.5969838365605117% (Below Threshold)
2024-02-02 03:34:53 [INFO]: Min Price: 42820.0 (From: Quidax), Max Price: 43078.23 (From: Binance), Profit Rate: 0.6010472770097217% (Below Threshold)
2024-02-02 03:34:54 [INFO]: Min Price: 42820.0 (From: Quidax), Max Price: 43078.23 (From: Binance), Profit Rate: 0.6010472770097217% (Below Threshold)
2024-02-02 03:34:55 [INFO]: Min Price: 42820.0 (From: Quidax), Max Price: 43078.23 (From: Binance), Profit Rate: 0.6010472770097217% (Below Threshold)
2024-02-02 03:34:56 [INFO]: Min Price: 42820.0 (From: Quidax), Max Price: 43078.23 (From: Binance), Profit Rate: 0.6010472770097217% (Below Threshold)
2024-02-02 03:34:57 [INFO]: Min Price: 42820.0 (From: Quidax), Max Price: 43078.23 (From: Binance), Profit Rate: 0.6010472770097217% (Below Threshold)
2024-02-02 03:34:58 [INFO]: Min Price: 42820.0 (From: Quidax), Max Price: 43078.23 (From: Binance), Profit Rate: 0.6010472770097217% (Below Threshold)
2024-02-02 03:34:58 [INFO]: Min Price: 42820.0 (From: Quidax), Max Price: 43078.23 (From: Binance), Profit Rate: 0.6010472770097217% (Below Threshold)
2024-02-02 03:34:59 [INFO]: Min Price: 42820.0 (From: Quidax), Max Price: 43078.24 (From: Binance), Profit Rate: 0.6010706301157376% (Below Threshold)
2024-02-02 03:35:00 [INFO]: Min Price: 42820.0 (From: Quidax), Max Price: 43078.23 (From: Binance), Profit Rate: 0.6010472770097217% (Below Threshold)
2024-02-02 03:35:00 [INFO]: Min Price: 42820.0 (From: Quidax), Max Price: 43078.23 (From: Binance), Profit Rate: 0.6010472770097217% (Below Threshold)
2024-02-02 03:35:01 [INFO]: Min Price: 42820.0 (From: Quidax), Max Price: 43078.23 (From: Binance), Profit Rate: 0.6010472770097217% (Below Threshold)
2024-02-02 03:35:02 [INFO]: Min Price: 42820.0 (From: Quidax), Max Price: 43078.23 (From: Binance), Profit Rate: 0.6010472770097217% (Below Threshold)
2024-02-02 03:35:03 [INFO]: Min Price: 42820.0 (From: Quidax), Max Price: 43078.23 (From: Binance), Profit Rate: 0.6010472770097217% (Below Threshold)
2024-02-02 03:35:04 [INFO]: Min Price: 42820.0 (From: Quidax), Max Price: 43078.24 (From: Binance), Profit Rate: 0.6010706301157376% (Below Threshold)
2024-02-02 03:35:04 [INFO]: Min Price: 42820.0 (From: Quidax), Max Price: 43078.23 (From: Binance), Profit Rate: 0.6010472770097217% (Below Threshold)
2024-02-02 03:35:05 [INFO]: Min Price: 42820.0 (From: Quidax), Max Price: 43078.24 (From: Binance), Profit Rate: 0.6010706301157376% (Below Threshold)
2024-02-02 03:35:06 [INFO]: Min Price: 42820.0 (From: Quidax), Max Price: 43078.24 (From: Binance), Profit Rate: 0.6010706301157376% (Below Threshold)
2024-02-02 03:35:07 [INFO]: Min Price: 42820.0 (From: Quidax), Max Price: 43078.24 (From: Binance), Profit Rate: 0.6010706301157376% (Below Threshold)
2024-02-02 03:35:07 [INFO]: Min Price: 42820.0 (From: Quidax), Max Price: 43078.23 (From: Binance), Profit Rate: 0.6010472770097217% (Below Threshold)
2024-02-02 03:35:08 [INFO]: Min Price: 42820.0 (From: Quidax), Max Price: 43078.23 (From: Binance), Profit Rate: 0.6010472770097217% (Below Threshold)
2024-02-02 03:35:09 [INFO]: Min Price: 42820.0 (From: Quidax), Max Price: 43078.23 (From: Binance), Profit Rate: 0.6010472770097217% (Below Threshold)
2024-02-02 03:35:10 [INFO]: Min Price: 42820.0 (From: Quidax), Max Price: 43078.24 (From: Binance), Profit Rate: 0.6010706301157376% (Below Threshold)
2024-02-02 03:35:11 [INFO]: Min Price: 42820.0 (From: Quidax), Max Price: 43078.24 (From: Binance), Profit Rate: 0.6010706301157376% (Below Threshold)
2024-02-02 03:35:12 [INFO]: Min Price: 42820.0 (From: Quidax), Max Price: 43078.23 (From: Binance), Profit Rate: 0.6010472770097217% (Below Threshold)
2024-02-02 03:35:13 [INFO]: Min Price: 42820.0 (From: Quidax), Max Price: 43078.23 (From: Binance), Profit Rate: 0.6010472770097217% (Below Threshold)
2024-02-02 03:35:14 [INFO]: Min Price: 42820.0 (From: Quidax), Max Price: 43078.23 (From: Binance), Profit Rate: 0.6010472770097217% (Below Threshold)
2024-02-02 03:35:15 [INFO]: Min Price: 42820.0 (From: Quidax), Max Price: 43078.23 (From: Binance), Profit Rate: 0.6010472770097217% (Below Threshold)
2024-02-02 03:35:16 [INFO]: Min Price: 42820.0 (From: Quidax), Max Price: 43078.23 (From: Binance), Profit Rate: 0.6010472770097217% (Below Threshold)
2024-02-02 03:35:17 [INFO]: Min Price: 42820.0 (From: Quidax), Max Price: 43078.23 (From: Binance), Profit Rate: 0.6010472770097217% (Below Threshold)
2024-02-02 03:35:18 [INFO]: Min Price: 42820.0 (From: Quidax), Max Price: 43078.24 (From: Binance), Profit Rate: 0.6010706301157376% (Below Threshold)
2024-02-02 03:35:18 [INFO]: Min Price: 42820.0 (From: Quidax), Max Price: 43078.24 (From: Binance), Profit Rate: 0.6010706301157376% (Below Threshold)
2024-02-02 03:35:23 [INFO]: Min Price: 42820.0 (From: Quidax), Max Price: 43078.23 (From: Binance), Profit Rate: 0.6010472770097217% (Below Threshold)
2024-02-02 03:35:24 [INFO]: Min Price: 42820.0 (From: Quidax), Max Price: 43078.23 (From: Binance), Profit Rate: 0.6010472770097217% (Below Threshold)
2024-02-02 03:35:25 [INFO]: Min Price: 42820.0 (From: Quidax), Max Price: 43078.24 (From: Binance), Profit Rate: 0.6010706301157376% (Below Threshold)
2024-02-02 03:35:25 [INFO]: Min Price: 42820.0 (From: Quidax), Max Price: 43078.23 (From: Binance), Profit Rate: 0.6010472770097217% (Below Threshold)
2024-02-02 03:35:26 [INFO]: Min Price: 42820.0 (From: Quidax), Max Price: 43078.23 (From: Binance), Profit Rate: 0.6010472770097217% (Below Threshold)
2024-02-02 03:35:27 [INFO]: Min Price: 42820.0 (From: Quidax), Max Price: 43078.23 (From: Binance), Profit Rate: 0.6010472770097217% (Below Threshold)
2024-02-02 03:35:28 [INFO]: Min Price: 42820.0 (From: Quidax), Max Price: 43078.23 (From: Binance), Profit Rate: 0.6010472770097217% (Below Threshold)
2024-02-02 03:35:29 [INFO]: Min Price: 42820.0 (From: Quidax), Max Price: 43078.24 (From: Binance), Profit Rate: 0.6010706301157376% (Below Threshold)
2024-02-02 03:35:29 [INFO]: Min Price: 42820.0 (From: Quidax), Max Price: 43078.24 (From: Binance), Profit Rate: 0.6010706301157376% (Below Threshold)
2024-02-02 03:35:30 [INFO]: Min Price: 42820.0 (From: Quidax), Max Price: 43078.23 (From: Binance), Profit Rate: 0.6010472770097217% (Below Threshold)
2024-02-02 03:35:32 [INFO]: Min Price: 42820.0 (From: Quidax), Max Price: 43078.23 (From: Binance), Profit Rate: 0.6010472770097217% (Below Threshold)
2024-02-02 03:35:34 [INFO]: Min Price: 42820.0 (From: Quidax), Max Price: 43078.23 (From: Binance), Profit Rate: 0.6010472770097217% (Below Threshold)
2024-02-02 03:35:34 [INFO]: Min Price: 42820.0 (From: Quidax), Max Price: 43078.23 (From: Binance), Profit Rate: 0.6010472770097217% (Below Threshold)
2024-02-02 03:35:35 [INFO]: Min Price: 42820.0 (From: Quidax), Max Price: 43078.23 (From: Binance), Profit Rate: 0.6010472770097217% (Below Threshold)
2024-02-02 03:35:36 [INFO]: Min Price: 42820.0 (From: Quidax), Max Price: 43078.23 (From: Binance), Profit Rate: 0.6010472770097217% (Below Threshold)
2024-02-02 03:35:36 [INFO]: Min Price: 42820.0 (From: Quidax), Max Price: 43078.23 (From: Binance), Profit Rate: 0.6010472770097217% (Below Threshold)
2024-02-02 03:35:37 [INFO]: Min Price: 42820.0 (From: Quidax), Max Price: 43078.24 (From: Binance), Profit Rate: 0.6010706301157376% (Below Threshold)
2024-02-02 03:35:38 [INFO]: Min Price: 42820.0 (From: Quidax), Max Price: 43078.24 (From: Binance), Profit Rate: 0.6010706301157376% (Below Threshold)
2024-02-02 03:35:39 [INFO]: Min Price: 42820.0 (From: Quidax), Max Price: 43078.24 (From: Binance), Profit Rate: 0.6010706301157376% (Below Threshold)
2024-02-02 03:35:39 [INFO]: Min Price: 42820.0 (From: Quidax), Max Price: 43078.24 (From: Binance), Profit Rate: 0.6010706301157376% (Below Threshold)
2024-02-02 03:35:40 [INFO]: Min Price: 42820.0 (From: Quidax), Max Price: 43081.1 (From: Binance), Profit Rate: 0.6077496184402894% (Below Threshold)
2024-02-02 03:35:41 [INFO]: Min Price: 42820.0 (From: Quidax), Max Price: 43081.19 (From: Binance), Profit Rate: 0.6079597963945682% (Below Threshold)
2024-02-02 03:35:41 [INFO]: Min Price: 42820.0 (From: Quidax), Max Price: 43081.19 (From: Binance), Profit Rate: 0.6079597963945682% (Below Threshold)
2024-02-02 03:35:42 [INFO]: Min Price: 42820.0 (From: Quidax), Max Price: 43081.18 (From: Binance), Profit Rate: 0.6079364432885354% (Below Threshold)
2024-02-02 03:35:43 [INFO]: Min Price: 42820.0 (From: Quidax), Max Price: 43081.18 (From: Binance), Profit Rate: 0.6079364432885354% (Below Threshold)
2024-02-02 03:35:44 [INFO]: Min Price: 42820.0 (From: Quidax), Max Price: 43084.8 (From: Binance), Profit Rate: 0.6163902676713645% (Below Threshold)
2024-02-02 03:35:44 [INFO]: Min Price: 42820.0 (From: Quidax), Max Price: 43084.79 (From: Binance), Profit Rate: 0.6163669145653317% (Below Threshold)
2024-02-02 03:35:45 [INFO]: Min Price: 42820.0 (From: Quidax), Max Price: 43084.8 (From: Binance), Profit Rate: 0.6163902676713645% (Below Threshold)
2024-02-02 03:35:46 [INFO]: Min Price: 42820.0 (From: Quidax), Max Price: 43084.8 (From: Binance), Profit Rate: 0.6163902676713645% (Below Threshold)
2024-02-02 03:35:46 [INFO]: Min Price: 42820.0 (From: Quidax), Max Price: 43084.8 (From: Binance), Profit Rate: 0.6163902676713645% (Below Threshold)
2024-02-02 03:35:47 [INFO]: Min Price: 42820.0 (From: Quidax), Max Price: 43084.8 (From: Binance), Profit Rate: 0.6163902676713645% (Below Threshold)
2024-02-02 03:35:48 [INFO]: Min Price: 42820.0 (From: Quidax), Max Price: 43084.8 (From: Binance), Profit Rate: 0.6163902676713645% (Below Threshold)
2024-02-02 03:35:48 [INFO]: Min Price: 42820.0 (From: Quidax), Max Price: 43084.8 (From: Binance), Profit Rate: 0.6163902676713645% (Below Threshold)
2024-02-02 03:35:49 [INFO]: Min Price: 42820.0 (From: Quidax), Max Price: 43084.8 (From: Binance), Profit Rate: 0.6163902676713645% (Below Threshold)
2024-02-02 03:35:50 [INFO]: Min Price: 42820.0 (From: Quidax), Max Price: 43084.79 (From: Binance), Profit Rate: 0.6163669145653317% (Below Threshold)
2024-02-02 03:35:51 [INFO]: Min Price: 42820.0 (From: Quidax), Max Price: 43084.8 (From: Binance), Profit Rate: 0.6163902676713645% (Below Threshold)
2024-02-02 03:35:52 [INFO]: Min Price: 42820.0 (From: Quidax), Max Price: 43084.79 (From: Binance), Profit Rate: 0.6163669145653317% (Below Threshold)
2024-02-02 03:35:53 [INFO]: Min Price: 42820.0 (From: Quidax), Max Price: 43084.79 (From: Binance), Profit Rate: 0.6163669145653317% (Below Threshold)
2024-02-02 03:35:53 [INFO]: Min Price: 42820.0 (From: Quidax), Max Price: 43084.79 (From: Binance), Profit Rate: 0.6163669145653317% (Below Threshold)
2024-02-02 03:35:54 [INFO]: Min Price: 42820.0 (From: Quidax), Max Price: 43084.79 (From: Binance), Profit Rate: 0.6163669145653317% (Below Threshold)
2024-02-02 03:35:54 [INFO]: Min Price: 42820.0 (From: Quidax), Max Price: 43084.79 (From: Binance), Profit Rate: 0.6163669145653317% (Below Threshold)
2024-02-02 03:35:55 [INFO]: Min Price: 42820.0 (From: Quidax), Max Price: 43084.79 (From: Binance), Profit Rate: 0.6163669145653317% (Below Threshold)
2024-02-02 03:35:56 [INFO]: Min Price: 42820.0 (From: Quidax), Max Price: 43084.79 (From: Binance), Profit Rate: 0.6163669145653317% (Below Threshold)
2024-02-02 03:35:57 [INFO]: Min Price: 42820.0 (From: Quidax), Max Price: 43084.8 (From: Binance), Profit Rate: 0.6163902676713645% (Below Threshold)
2024-02-02 03:35:58 [INFO]: Min Price: 42820.0 (From: Quidax), Max Price: 43084.79 (From: Binance), Profit Rate: 0.6163669145653317% (Below Threshold)
2024-02-02 03:35:58 [INFO]: Min Price: 42820.0 (From: Quidax), Max Price: 43084.8 (From: Binance), Profit Rate: 0.6163902676713645% (Below Threshold)
2024-02-02 03:35:59 [INFO]: Min Price: 42820.0 (From: Quidax), Max Price: 43084.79 (From: Binance), Profit Rate: 0.6163669145653317% (Below Threshold)
2024-02-02 03:36:00 [INFO]: Min Price: 42820.0 (From: Quidax), Max Price: 43084.79 (From: Binance), Profit Rate: 0.6163669145653317% (Below Threshold)
2024-02-02 03:36:00 [INFO]: Min Price: 42820.0 (From: Quidax), Max Price: 43084.8 (From: Binance), Profit Rate: 0.6163902676713645% (Below Threshold)
2024-02-02 03:36:01 [INFO]: Min Price: 42820.0 (From: Quidax), Max Price: 43084.79 (From: Binance), Profit Rate: 0.6163669145653317% (Below Threshold)
2024-02-02 03:36:02 [INFO]: Min Price: 42820.0 (From: Quidax), Max Price: 43084.79 (From: Binance), Profit Rate: 0.6163669145653317% (Below Threshold)
2024-02-02 03:36:03 [INFO]: Min Price: 42820.0 (From: Quidax), Max Price: 43084.79 (From: Binance), Profit Rate: 0.6163669145653317% (Below Threshold)
2024-02-02 03:36:03 [INFO]: Min Price: 42820.0 (From: Quidax), Max Price: 43084.8 (From: Binance), Profit Rate: 0.6163902676713645% (Below Threshold)
2024-02-02 03:36:04 [INFO]: Min Price: 42820.0 (From: Quidax), Max Price: 43084.8 (From: Binance), Profit Rate: 0.6163902676713645% (Below Threshold)
2024-02-02 03:36:05 [INFO]: Min Price: 42820.0 (From: Quidax), Max Price: 43084.8 (From: Binance), Profit Rate: 0.6163902676713645% (Below Threshold)
2024-02-02 03:36:05 [INFO]: Min Price: 42820.0 (From: Quidax), Max Price: 43078.81 (From: Binance), Profit Rate: 0.6024017571594413% (Below Threshold)
2024-02-02 03:36:06 [INFO]: Min Price: 42820.0 (From: Quidax), Max Price: 43078.81 (From: Binance), Profit Rate: 0.6024017571594413% (Below Threshold)
2024-02-02 03:36:07 [INFO]: Min Price: 42820.0 (From: Quidax), Max Price: 43078.81 (From: Binance), Profit Rate: 0.6024017571594413% (Below Threshold)
2024-02-02 03:36:08 [INFO]: Min Price: 42820.0 (From: Quidax), Max Price: 43078.81 (From: Binance), Profit Rate: 0.6024017571594413% (Below Threshold)
2024-02-02 03:36:09 [INFO]: Min Price: 42820.0 (From: Quidax), Max Price: 43078.81 (From: Binance), Profit Rate: 0.6024017571594413% (Below Threshold)
2024-02-02 03:36:09 [INFO]: Min Price: 42820.0 (From: Quidax), Max Price: 43078.81 (From: Binance), Profit Rate: 0.6024017571594413% (Below Threshold)
2024-02-02 03:36:10 [INFO]: Min Price: 42820.0 (From: Quidax), Max Price: 43078.8 (From: Binance), Profit Rate: 0.6023784040534255% (Below Threshold)
2024-02-02 03:36:11 [INFO]: Min Price: 42820.0 (From: Quidax), Max Price: 43078.8 (From: Binance), Profit Rate: 0.6023784040534255% (Below Threshold)
2024-02-02 03:36:12 [INFO]: Min Price: 42820.0 (From: Quidax), Max Price: 43078.81 (From: Binance), Profit Rate: 0.6024017571594413% (Below Threshold)
2024-02-02 03:36:13 [INFO]: Min Price: 42820.0 (From: Quidax), Max Price: 43078.8 (From: Binance), Profit Rate: 0.6023784040534255% (Below Threshold)
2024-02-02 03:36:15 [INFO]: Min Price: 42820.0 (From: Quidax), Max Price: 43078.81 (From: Binance), Profit Rate: 0.6024017571594413% (Below Threshold)
2024-02-02 03:36:16 [INFO]: Min Price: 42820.0 (From: Quidax), Max Price: 43078.8 (From: Binance), Profit Rate: 0.6023784040534255% (Below Threshold)
2024-02-02 03:36:17 [INFO]: Min Price: 42820.0 (From: Quidax), Max Price: 43078.81 (From: Binance), Profit Rate: 0.6024017571594413% (Below Threshold)
2024-02-02 03:36:18 [INFO]: Min Price: 42820.0 (From: Quidax), Max Price: 43078.8 (From: Binance), Profit Rate: 0.6023784040534255% (Below Threshold)
2024-02-02 03:36:19 [INFO]: Min Price: 42820.0 (From: Quidax), Max Price: 43078.8 (From: Binance), Profit Rate: 0.6023784040534255% (Below Threshold)
2024-02-02 03:36:20 [INFO]: Min Price: 42820.0 (From: Quidax), Max Price: 43078.8 (From: Binance), Profit Rate: 0.6023784040534255% (Below Threshold)
2024-02-02 03:36:21 [INFO]: Min Price: 42820.0 (From: Quidax), Max Price: 43078.81 (From: Binance), Profit Rate: 0.6024017571594413% (Below Threshold)
2024-02-02 03:36:22 [INFO]: Min Price: 42820.0 (From: Quidax), Max Price: 43078.81 (From: Binance), Profit Rate: 0.6024017571594413% (Below Threshold)
2024-02-02 03:36:23 [INFO]: Min Price: 42820.0 (From: Quidax), Max Price: 43078.81 (From: Binance), Profit Rate: 0.6024017571594413% (Below Threshold)
2024-02-02 03:36:23 [INFO]: Min Price: 42820.0 (From: Quidax), Max Price: 43078.81 (From: Binance), Profit Rate: 0.6024017571594413% (Below Threshold)
2024-02-02 03:36:24 [INFO]: Min Price: 42820.0 (From: Quidax), Max Price: 43078.81 (From: Binance), Profit Rate: 0.6024017571594413% (Below Threshold)
2024-02-02 03:36:25 [INFO]: Min Price: 42820.0 (From: Quidax), Max Price: 43078.81 (From: Binance), Profit Rate: 0.6024017571594413% (Below Threshold)
2024-02-02 03:36:25 [INFO]: Min Price: 42820.0 (From: Quidax), Max Price: 43078.8 (From: Binance), Profit Rate: 0.6023784040534255% (Below Threshold)
2024-02-02 03:36:26 [INFO]: Min Price: 42820.0 (From: Quidax), Max Price: 43078.8 (From: Binance), Profit Rate: 0.6023784040534255% (Below Threshold)
2024-02-02 03:36:26 [INFO]: Min Price: 42820.0 (From: Quidax), Max Price: 43078.81 (From: Binance), Profit Rate: 0.6024017571594413% (Below Threshold)
2024-02-02 03:36:27 [INFO]: Min Price: 42820.0 (From: Quidax), Max Price: 43078.81 (From: Binance), Profit Rate: 0.6024017571594413% (Below Threshold)
2024-02-02 03:36:28 [INFO]: Min Price: 42820.0 (From: Quidax), Max Price: 43078.81 (From: Binance), Profit Rate: 0.6024017571594413% (Below Threshold)
2024-02-02 03:36:28 [INFO]: Min Price: 42820.0 (From: Quidax), Max Price: 43078.81 (From: Binance), Profit Rate: 0.6024017571594413% (Below Threshold)
2024-02-02 03:36:29 [INFO]: Min Price: 42820.0 (From: Quidax), Max Price: 43078.81 (From: Binance), Profit Rate: 0.6024017571594413% (Below Threshold)
2024-02-02 03:36:30 [INFO]: Min Price: 42820.0 (From: Quidax), Max Price: 43078.81 (From: Binance), Profit Rate: 0.6024017571594413% (Below Threshold)
2024-02-02 03:36:31 [INFO]: Min Price: 42820.0 (From: Quidax), Max Price: 43078.81 (From: Binance), Profit Rate: 0.6024017571594413% (Below Threshold)
2024-02-02 03:36:31 [INFO]: Min Price: 42820.0 (From: Quidax), Max Price: 43078.81 (From: Binance), Profit Rate: 0.6024017571594413% (Below Threshold)
2024-02-02 03:36:32 [INFO]: Min Price: 42820.0 (From: Quidax), Max Price: 43078.81 (From: Binance), Profit Rate: 0.6024017571594413% (Below Threshold)
2024-02-02 03:36:33 [INFO]: Min Price: 42820.0 (From: Quidax), Max Price: 43078.81 (From: Binance), Profit Rate: 0.6024017571594413% (Below Threshold)
2024-02-02 03:36:34 [INFO]: Min Price: 42820.0 (From: Quidax), Max Price: 43078.8 (From: Binance), Profit Rate: 0.6023784040534255% (Below Threshold)
2024-02-02 03:36:35 [INFO]: Min Price: 42820.0 (From: Quidax), Max Price: 43078.8 (From: Binance), Profit Rate: 0.6023784040534255% (Below Threshold)
2024-02-02 03:36:35 [INFO]: Min Price: 42820.0 (From: Quidax), Max Price: 43078.81 (From: Binance), Profit Rate: 0.6024017571594413% (Below Threshold)
2024-02-02 03:36:36 [INFO]: Min Price: 42820.0 (From: Quidax), Max Price: 43078.81 (From: Binance), Profit Rate: 0.6024017571594413% (Below Threshold)
2024-02-02 03:36:37 [INFO]: Min Price: 42820.0 (From: Quidax), Max Price: 43078.81 (From: Binance), Profit Rate: 0.6024017571594413% (Below Threshold)
2024-02-02 03:36:38 [INFO]: Min Price: 42820.0 (From: Quidax), Max Price: 43078.8 (From: Binance), Profit Rate: 0.6023784040534255% (Below Threshold)
2024-02-02 03:36:39 [INFO]: Min Price: 42820.0 (From: Quidax), Max Price: 43078.81 (From: Binance), Profit Rate: 0.6024017571594413% (Below Threshold)
2024-02-02 03:36:40 [INFO]: Min Price: 42820.0 (From: Quidax), Max Price: 43078.81 (From: Binance), Profit Rate: 0.6024017571594413% (Below Threshold)
2024-02-02 03:36:41 [INFO]: Min Price: 42820.0 (From: Quidax), Max Price: 43078.8 (From: Binance), Profit Rate: 0.6023784040534255% (Below Threshold)
2024-02-02 03:36:41 [INFO]: Min Price: 42820.0 (From: Quidax), Max Price: 43078.8 (From: Binance), Profit Rate: 0.6023784040534255% (Below Threshold)
2024-02-02 03:36:42 [INFO]: Min Price: 42820.0 (From: Quidax), Max Price: 43078.8 (From: Binance), Profit Rate: 0.6023784040534255% (Below Threshold)
2024-02-02 03:36:43 [INFO]: Min Price: 42820.0 (From: Quidax), Max Price: 43078.81 (From: Binance), Profit Rate: 0.6024017571594413% (Below Threshold)
2024-02-02 03:36:43 [INFO]: Min Price: 42820.0 (From: Quidax), Max Price: 43078.81 (From: Binance), Profit Rate: 0.6024017571594413% (Below Threshold)
2024-02-02 03:36:44 [INFO]: Min Price: 42820.0 (From: Quidax), Max Price: 43078.81 (From: Binance), Profit Rate: 0.6024017571594413% (Below Threshold)
2024-02-02 03:36:45 [INFO]: Min Price: 42820.0 (From: Quidax), Max Price: 43078.8 (From: Binance), Profit Rate: 0.6023784040534255% (Below Threshold)
2024-02-02 03:36:46 [INFO]: Min Price: 42820.0 (From: Quidax), Max Price: 43078.81 (From: Binance), Profit Rate: 0.6024017571594413% (Below Threshold)
2024-02-02 03:36:46 [INFO]: Min Price: 42820.0 (From: Quidax), Max Price: 43078.8 (From: Binance), Profit Rate: 0.6023784040534255% (Below Threshold)
2024-02-02 03:36:47 [INFO]: Min Price: 42820.0 (From: Quidax), Max Price: 43078.81 (From: Binance), Profit Rate: 0.6024017571594413% (Below Threshold)
2024-02-02 03:36:48 [INFO]: Min Price: 42820.0 (From: Quidax), Max Price: 43078.8 (From: Binance), Profit Rate: 0.6023784040534255% (Below Threshold)
2024-02-02 03:36:48 [INFO]: Min Price: 42820.0 (From: Quidax), Max Price: 43078.8 (From: Binance), Profit Rate: 0.6023784040534255% (Below Threshold)
2024-02-02 03:36:49 [INFO]: Min Price: 42820.0 (From: Quidax), Max Price: 43078.8 (From: Binance), Profit Rate: 0.6023784040534255% (Below Threshold)
2024-02-02 03:36:50 [INFO]: Min Price: 42820.0 (From: Quidax), Max Price: 43078.8 (From: Binance), Profit Rate: 0.6023784040534255% (Below Threshold)
2024-02-02 03:36:51 [INFO]: Min Price: 42820.0 (From: Quidax), Max Price: 43078.81 (From: Binance), Profit Rate: 0.6024017571594413% (Below Threshold)
2024-02-02 03:36:51 [INFO]: Min Price: 42820.0 (From: Quidax), Max Price: 43078.81 (From: Binance), Profit Rate: 0.6024017571594413% (Below Threshold)
2024-02-02 03:36:52 [INFO]: Min Price: 42820.0 (From: Quidax), Max Price: 43078.81 (From: Binance), Profit Rate: 0.6024017571594413% (Below Threshold)
2024-02-02 03:36:52 [INFO]: Min Price: 42820.0 (From: Quidax), Max Price: 43078.81 (From: Binance), Profit Rate: 0.6024017571594413% (Below Threshold)
2024-02-02 03:36:53 [INFO]: Min Price: 42820.0 (From: Quidax), Max Price: 43078.8 (From: Binance), Profit Rate: 0.6023784040534255% (Below Threshold)
2024-02-02 03:36:54 [INFO]: Min Price: 42820.0 (From: Quidax), Max Price: 43078.8 (From: Binance), Profit Rate: 0.6023784040534255% (Below Threshold)
2024-02-02 03:36:54 [INFO]: Min Price: 42820.0 (From: Quidax), Max Price: 43078.8 (From: Binance), Profit Rate: 0.6023784040534255% (Below Threshold)
2024-02-02 03:36:55 [INFO]: Min Price: 42820.0 (From: Quidax), Max Price: 43078.8 (From: Binance), Profit Rate: 0.6023784040534255% (Below Threshold)
2024-02-02 03:36:56 [INFO]: Min Price: 42820.0 (From: Quidax), Max Price: 43078.8 (From: Binance), Profit Rate: 0.6023784040534255% (Below Threshold)
2024-02-02 03:36:57 [INFO]: Min Price: 42820.0 (From: Quidax), Max Price: 43078.8 (From: Binance), Profit Rate: 0.6023784040534255% (Below Threshold)
2024-02-02 03:36:57 [INFO]: Min Price: 42820.0 (From: Quidax), Max Price: 43078.81 (From: Binance), Profit Rate: 0.6024017571594413% (Below Threshold)
2024-02-02 03:36:58 [INFO]: Min Price: 42820.0 (From: Quidax), Max Price: 43078.81 (From: Binance), Profit Rate: 0.6024017571594413% (Below Threshold)
2024-02-02 03:36:59 [INFO]: Min Price: 42820.0 (From: Quidax), Max Price: 43078.8 (From: Binance), Profit Rate: 0.6023784040534255% (Below Threshold)
2024-02-02 03:37:00 [INFO]: Min Price: 42820.0 (From: Quidax), Max Price: 43078.8 (From: Binance), Profit Rate: 0.6023784040534255% (Below Threshold)
2024-02-02 03:37:01 [INFO]: Min Price: 42820.0 (From: Quidax), Max Price: 43078.8 (From: Binance), Profit Rate: 0.6023784040534255% (Below Threshold)
2024-02-02 03:37:02 [INFO]: Min Price: 42820.0 (From: Quidax), Max Price: 43078.81 (From: Binance), Profit Rate: 0.6024017571594413% (Below Threshold)
2024-02-02 03:37:02 [INFO]: Min Price: 42820.0 (From: Quidax), Max Price: 43078.8 (From: Binance), Profit Rate: 0.6023784040534255% (Below Threshold)
2024-02-02 03:37:03 [INFO]: Min Price: 42820.0 (From: Quidax), Max Price: 43078.8 (From: Binance), Profit Rate: 0.6023784040534255% (Below Threshold)
2024-02-02 03:37:04 [INFO]: Min Price: 42820.0 (From: Quidax), Max Price: 43078.8 (From: Binance), Profit Rate: 0.6023784040534255% (Below Threshold)
2024-02-02 03:37:04 [INFO]: Min Price: 42820.0 (From: Quidax), Max Price: 43078.8 (From: Binance), Profit Rate: 0.6023784040534255% (Below Threshold)
2024-02-02 03:37:05 [INFO]: Min Price: 42820.0 (From: Quidax), Max Price: 43078.81 (From: Binance), Profit Rate: 0.6024017571594413% (Below Threshold)
2024-02-02 03:37:06 [INFO]: Min Price: 42820.0 (From: Quidax), Max Price: 43078.81 (From: Binance), Profit Rate: 0.6024017571594413% (Below Threshold)
2024-02-02 03:37:07 [INFO]: Min Price: 42820.0 (From: Quidax), Max Price: 43078.8 (From: Binance), Profit Rate: 0.6023784040534255% (Below Threshold)
2024-02-02 03:37:08 [INFO]: Min Price: 42820.0 (From: Quidax), Max Price: 43078.81 (From: Binance), Profit Rate: 0.6024017571594413% (Below Threshold)
2024-02-02 03:37:09 [INFO]: Min Price: 42820.0 (From: Quidax), Max Price: 43078.8 (From: Binance), Profit Rate: 0.6023784040534255% (Below Threshold)
2024-02-02 03:37:09 [INFO]: Min Price: 42820.0 (From: Quidax), Max Price: 43078.8 (From: Binance), Profit Rate: 0.6023784040534255% (Below Threshold)
2024-02-02 03:37:10 [INFO]: Min Price: 42820.0 (From: Quidax), Max Price: 43078.8 (From: Binance), Profit Rate: 0.6023784040534255% (Below Threshold)
2024-02-02 03:37:11 [INFO]: Min Price: 42820.0 (From: Quidax), Max Price: 43078.8 (From: Binance), Profit Rate: 0.6023784040534255% (Below Threshold)
2024-02-02 03:37:12 [INFO]: Min Price: 42820.0 (From: Quidax), Max Price: 43078.81 (From: Binance), Profit Rate: 0.6024017571594413% (Below Threshold)
2024-02-02 03:37:13 [INFO]: Min Price: 42820.0 (From: Quidax), Max Price: 43078.81 (From: Binance), Profit Rate: 0.6024017571594413% (Below Threshold)
2024-02-02 03:37:14 [INFO]: Min Price: 42820.0 (From: Quidax), Max Price: 43078.81 (From: Binance), Profit Rate: 0.6024017571594413% (Below Threshold)
2024-02-02 03:37:15 [INFO]: Min Price: 42820.0 (From: Quidax), Max Price: 43078.81 (From: Binance), Profit Rate: 0.6024017571594413% (Below Threshold)
2024-02-02 03:37:16 [INFO]: Min Price: 42820.0 (From: Quidax), Max Price: 43078.8 (From: Binance), Profit Rate: 0.6023784040534255% (Below Threshold)
2024-02-02 03:37:17 [INFO]: Min Price: 42820.0 (From: Quidax), Max Price: 43078.81 (From: Binance), Profit Rate: 0.6024017571594413% (Below Threshold)
2024-02-02 03:37:17 [INFO]: Min Price: 42820.0 (From: Quidax), Max Price: 43078.8 (From: Binance), Profit Rate: 0.6023784040534255% (Below Threshold)
2024-02-02 03:37:18 [INFO]: Min Price: 42820.0 (From: Quidax), Max Price: 43078.8 (From: Binance), Profit Rate: 0.6023784040534255% (Below Threshold)
2024-02-02 03:37:19 [INFO]: Min Price: 42820.0 (From: Quidax), Max Price: 43078.8 (From: Binance), Profit Rate: 0.6023784040534255% (Below Threshold)
2024-02-02 03:37:20 [INFO]: Min Price: 42820.0 (From: Quidax), Max Price: 43078.8 (From: Binance), Profit Rate: 0.6023784040534255% (Below Threshold)
2024-02-02 03:37:21 [INFO]: Min Price: 42820.0 (From: Quidax), Max Price: 43078.8 (From: Binance), Profit Rate: 0.6023784040534255% (Below Threshold)
2024-02-02 03:37:22 [INFO]: Min Price: 42820.0 (From: Quidax), Max Price: 43078.8 (From: Binance), Profit Rate: 0.6023784040534255% (Below Threshold)
2024-02-02 03:37:23 [INFO]: Min Price: 42820.0 (From: Quidax), Max Price: 43078.8 (From: Binance), Profit Rate: 0.6023784040534255% (Below Threshold)
2024-02-02 03:37:24 [INFO]: Min Price: 42820.0 (From: Quidax), Max Price: 43078.8 (From: Binance), Profit Rate: 0.6023784040534255% (Below Threshold)
2024-02-02 03:37:25 [INFO]: Min Price: 42820.0 (From: Quidax), Max Price: 43078.8 (From: Binance), Profit Rate: 0.6023784040534255% (Below Threshold)
2024-02-02 03:37:25 [INFO]: Min Price: 42820.0 (From: Quidax), Max Price: 43078.8 (From: Binance), Profit Rate: 0.6023784040534255% (Below Threshold)
2024-02-02 03:37:26 [INFO]: Min Price: 42820.0 (From: Quidax), Max Price: 43078.8 (From: Binance), Profit Rate: 0.6023784040534255% (Below Threshold)
2024-02-02 03:37:27 [INFO]: Min Price: 42820.0 (From: Quidax), Max Price: 43078.81 (From: Binance), Profit Rate: 0.6024017571594413% (Below Threshold)
2024-02-02 03:37:28 [INFO]: Min Price: 42820.0 (From: Quidax), Max Price: 43078.8 (From: Binance), Profit Rate: 0.6023784040534255% (Below Threshold)
2024-02-02 03:37:29 [INFO]: Min Price: 42755.7 (From: Quidax), Max Price: 43076.63 (From: Binance), Profit Rate: 0.7485983763924751% (Below Threshold)
2024-02-02 03:37:29 [INFO]: Min Price: 42755.7 (From: Quidax), Max Price: 43076.49 (From: Binance), Profit Rate: 0.7482709412200325% (Below Threshold)
2024-02-02 03:37:30 [INFO]: Min Price: 42755.7 (From: Quidax), Max Price: 43068.49 (From: Binance), Profit Rate: 0.7295603599370644% (Below Threshold)
2024-02-02 03:37:30 [INFO]: Min Price: 42755.7 (From: Quidax), Max Price: 43065.35 (From: Binance), Profit Rate: 0.7222164567835002% (Below Threshold)
2024-02-02 03:37:32 [INFO]: Min Price: 42755.7 (From: Quidax), Max Price: 43061.27 (From: Binance), Profit Rate: 0.7126740603291967% (Below Threshold)
2024-02-02 03:37:33 [INFO]: Min Price: 42755.7 (From: Quidax), Max Price: 43056.48 (From: Binance), Profit Rate: 0.7014710997860225% (Below Threshold)
2024-02-02 03:37:33 [INFO]: Min Price: 42755.7 (From: Quidax), Max Price: 43056.48 (From: Binance), Profit Rate: 0.7014710997860225% (Below Threshold)
2024-02-02 03:37:34 [INFO]: Min Price: 42755.7 (From: Quidax), Max Price: 43051.19 (From: Binance), Profit Rate: 0.6890987279126671% (Below Threshold)
2024-02-02 03:37:34 [INFO]: Min Price: 42755.7 (From: Quidax), Max Price: 43051.1 (From: Binance), Profit Rate: 0.688888233873224% (Below Threshold)
2024-02-02 03:37:35 [INFO]: Min Price: 42755.7 (From: Quidax), Max Price: 43051.1 (From: Binance), Profit Rate: 0.688888233873224% (Below Threshold)
2024-02-02 03:37:36 [INFO]: Min Price: 42755.7 (From: Quidax), Max Price: 43051.1 (From: Binance), Profit Rate: 0.688888233873224% (Below Threshold)
2024-02-02 03:37:39 [INFO]: Min Price: 42755.7 (From: Quidax), Max Price: 43051.11 (From: Binance), Profit Rate: 0.6889116220998306% (Below Threshold)
2024-02-02 03:37:40 [INFO]: Min Price: 42755.7 (From: Quidax), Max Price: 43055.51 (From: Binance), Profit Rate: 0.699202441805463% (Below Threshold)
2024-02-02 03:37:41 [INFO]: Min Price: 42755.7 (From: Quidax), Max Price: 43055.59 (From: Binance), Profit Rate: 0.6993895476182825% (Below Threshold)
2024-02-02 03:37:43 [INFO]: Min Price: 42756.0 (From: Quidax), Max Price: 43055.59 (From: Binance), Profit Rate: 0.6986829844022501% (Below Threshold)
2024-02-02 03:37:44 [INFO]: Min Price: 42756.0 (From: Quidax), Max Price: 43055.59 (From: Binance), Profit Rate: 0.6986829844022501% (Below Threshold)
2024-02-02 03:37:45 [INFO]: Min Price: 42756.0 (From: Quidax), Max Price: 43055.59 (From: Binance), Profit Rate: 0.6986829844022501% (Below Threshold)
2024-02-02 03:37:46 [INFO]: Min Price: 42756.0 (From: Quidax), Max Price: 43055.59 (From: Binance), Profit Rate: 0.6986829844022501% (Below Threshold)
2024-02-02 03:37:46 [INFO]: Min Price: 42756.0 (From: Quidax), Max Price: 43055.59 (From: Binance), Profit Rate: 0.6986829844022501% (Below Threshold)
2024-02-02 03:37:47 [INFO]: Min Price: 42756.0 (From: Quidax), Max Price: 43055.59 (From: Binance), Profit Rate: 0.6986829844022501% (Below Threshold)
2024-02-02 03:37:48 [INFO]: Min Price: 42756.0 (From: Quidax), Max Price: 43055.6 (From: Binance), Profit Rate: 0.698706372464752% (Below Threshold)
2024-02-02 03:37:50 [INFO]: Min Price: 42756.0 (From: Quidax), Max Price: 43055.59 (From: Binance), Profit Rate: 0.6986829844022501% (Below Threshold)
2024-02-02 03:37:51 [INFO]: Min Price: 42756.0 (From: Quidax), Max Price: 43055.59 (From: Binance), Profit Rate: 0.6986829844022501% (Below Threshold)
2024-02-02 03:37:54 [INFO]: Min Price: 42756.0 (From: Quidax), Max Price: 43055.6 (From: Binance), Profit Rate: 0.698706372464752% (Below Threshold)
2024-02-02 03:37:55 [INFO]: Min Price: 42756.0 (From: Quidax), Max Price: 43055.6 (From: Binance), Profit Rate: 0.698706372464752% (Below Threshold)
2024-02-02 03:37:57 [INFO]: Min Price: 42756.0 (From: Quidax), Max Price: 43055.59 (From: Binance), Profit Rate: 0.6986829844022501% (Below Threshold)
2024-02-02 03:38:04 [INFO]: Min Price: 42756.0 (From: Quidax), Max Price: 43055.59 (From: Binance), Profit Rate: 0.6986829844022501% (Below Threshold)
2024-02-02 03:38:12 [INFO]: Min Price: 42732.67 (From: Quidax), Max Price: 43051.07 (From: Binance), Profit Rate: 0.7430824874975759% (Below Threshold)
