2024-02-02 03:44:29 [INFO]: Welcome to Crypto Arbitrage Bot!
2024-02-02 03:44:29 [INFO]: A bot to find arbitrage opportunities across multiple cryptocurrency exchanges.
2024-02-02 03:44:29 [INFO]: Available Exchanges:
2024-02-02 03:44:29 [INFO]: 1. BTC_USDT
2024-02-02 03:44:29 [INFO]: 2. ETH_USDT
2024-02-02 03:44:29 [INFO]: 3. TRX_USDT
2024-02-02 03:44:32 [INFO]: Trading in TRX_USDT Market.......
2024-02-02 03:44:32 [INFO]: 1. binance
2024-02-02 03:44:32 [INFO]: 2. quidax
2024-02-02 03:44:37 [ERROR]: Invalid input. Please enter a valid number.
2024-02-02 03:44:42 [INFO]: Min Price: 0.11659 (From: Quidax), Max Price: 0.11687 (From: Binance), Profit Rate: 0.23815303488615489% (Below Threshold)
2024-02-02 03:44:43 [INFO]: Min Price: 0.11659 (From: Quidax), Max Price: 0.11687 (From: Binance), Profit Rate: 0.23815303488615489% (Below Threshold)
2024-02-02 03:44:43 [INFO]: Min Price: 0.11659 (From: Quidax), Max Price: 0.11687 (From: Binance), Profit Rate: 0.23815303488615489% (Below Threshold)
2024-02-02 03:44:44 [INFO]: Min Price: 0.11659 (From: Quidax), Max Price: 0.11686 (From: Binance), Profit Rate: 0.229576141497367% (Below Threshold)
2024-02-02 03:44:44 [INFO]: Min Price: 0.11659 (From: Quidax), Max Price: 0.11686 (From: Binance), Profit Rate: 0.229576141497367% (Below Threshold)
2024-02-02 03:44:45 [INFO]: Min Price: 0.11659 (From: Quidax), Max Price: 0.11686 (From: Binance), Profit Rate: 0.229576141497367% (Below Threshold)
2024-02-02 03:44:46 [INFO]: Min Price: 0.11659 (From: Quidax), Max Price: 0.11686 (From: Binance), Profit Rate: 0.229576141497367% (Below Threshold)
2024-02-02 03:44:46 [INFO]: Min Price: 0.11659 (From: Quidax), Max Price: 0.11686 (From: Binance), Profit Rate: 0.229576141497367% (Below Threshold)
2024-02-02 03:44:47 [INFO]: Min Price: 0.11659 (From: Quidax), Max Price: 0.11686 (From: Binance), Profit Rate: 0.229576141497367% (Below Threshold)
2024-02-02 03:44:48 [INFO]: Min Price: 0.11659 (From: Quidax), Max Price: 0.11686 (From: Binance), Profit Rate: 0.229576141497367% (Below Threshold)
2024-02-02 03:44:48 [INFO]: Min Price: 0.11659 (From: Quidax), Max Price: 0.11686 (From: Binance), Profit Rate: 0.229576141497367% (Below Threshold)
2024-02-02 03:44:49 [INFO]: Min Price: 0.11659 (From: Quidax), Max Price: 0.11686 (From: Binance), Profit Rate: 0.229576141497367% (Below Threshold)
2024-02-02 03:44:50 [INFO]: Min Price: 0.11659 (From: Quidax), Max Price: 0.11686 (From: Binance), Profit Rate: 0.229576141497367% (Below Threshold)
2024-02-02 03:44:50 [INFO]: Min Price: 0.11659 (From: Quidax), Max Price: 0.11686 (From: Binance), Profit Rate: 0.229576141497367% (Below Threshold)
2024-02-02 03:44:51 [INFO]: Min Price: 0.11659 (From: Quidax), Max Price: 0.11686 (From: Binance), Profit Rate: 0.229576141497367% (Below Threshold)
2024-02-02 03:44:52 [INFO]: Min Price: 0.11659 (From: Quidax), Max Price: 0.11686 (From: Binance), Profit Rate: 0.229576141497367% (Below Threshold)
2024-02-02 03:44:52 [INFO]: Min Price: 0.11659 (From: Quidax), Max Price: 0.11686 (From: Binance), Profit Rate: 0.229576141497367% (Below Threshold)
2024-02-02 03:44:53 [INFO]: Min Price: 0.11659 (From: Quidax), Max Price: 0.11686 (From: Binance), Profit Rate: 0.229576141497367% (Below Threshold)
2024-02-02 03:44:54 [INFO]: Min Price: 0.11659 (From: Quidax), Max Price: 0.11686 (From: Binance), Profit Rate: 0.229576141497367% (Below Threshold)
2024-02-02 03:44:55 [INFO]: Min Price: 0.11659 (From: Quidax), Max Price: 0.11686 (From: Binance), Profit Rate: 0.229576141497367% (Below Threshold)
2024-02-02 03:44:56 [INFO]: Min Price: 0.11659 (From: Quidax), Max Price: 0.11685 (From: Binance), Profit Rate: 0.22099924810855526% (Below Threshold)
2024-02-02 03:45:03 [INFO]: Min Price: 0.11659 (From: Quidax), Max Price: 0.11686 (From: Binance), Profit Rate: 0.229576141497367% (Below Threshold)
2024-02-02 03:45:04 [INFO]: Min Price: 0.11659 (From: Quidax), Max Price: 0.11686 (From: Binance), Profit Rate: 0.229576141497367% (Below Threshold)
2024-02-02 03:45:04 [INFO]: Min Price: 0.11659 (From: Quidax), Max Price: 0.11687 (From: Binance), Profit Rate: 0.23815303488615489% (Below Threshold)
2024-02-02 03:45:05 [INFO]: Min Price: 0.11659 (From: Quidax), Max Price: 0.11689 (From: Binance), Profit Rate: 0.25530682166374263% (Below Threshold)
2024-02-02 03:45:06 [INFO]: Min Price: 0.11659 (From: Quidax), Max Price: 0.11688 (From: Binance), Profit Rate: 0.24672992827495469% (Below Threshold)
2024-02-02 03:45:07 [INFO]: Min Price: 0.11659 (From: Quidax), Max Price: 0.11688 (From: Binance), Profit Rate: 0.24672992827495469% (Below Threshold)
2024-02-02 03:45:07 [INFO]: Min Price: 0.11659 (From: Quidax), Max Price: 0.11688 (From: Binance), Profit Rate: 0.24672992827495469% (Below Threshold)
2024-02-02 03:45:08 [INFO]: Min Price: 0.11659 (From: Quidax), Max Price: 0.11689 (From: Binance), Profit Rate: 0.25530682166374263% (Below Threshold)
2024-02-02 03:45:08 [INFO]: Min Price: 0.11659 (From: Quidax), Max Price: 0.11688 (From: Binance), Profit Rate: 0.24672992827495469% (Below Threshold)
2024-02-02 03:45:09 [INFO]: Min Price: 0.11659 (From: Quidax), Max Price: 0.11688 (From: Binance), Profit Rate: 0.24672992827495469% (Below Threshold)
2024-02-02 03:45:10 [INFO]: Min Price: 0.11659 (From: Quidax), Max Price: 0.11689 (From: Binance), Profit Rate: 0.25530682166374263% (Below Threshold)
2024-02-02 03:45:10 [INFO]: Min Price: 0.11659 (From: Quidax), Max Price: 0.11689 (From: Binance), Profit Rate: 0.25530682166374263% (Below Threshold)
2024-02-02 03:45:11 [INFO]: Min Price: 0.11659 (From: Quidax), Max Price: 0.11689 (From: Binance), Profit Rate: 0.25530682166374263% (Below Threshold)
2024-02-02 03:45:13 [INFO]: Min Price: 0.11659 (From: Quidax), Max Price: 0.11689 (From: Binance), Profit Rate: 0.25530682166374263% (Below Threshold)
2024-02-02 03:45:13 [INFO]: Min Price: 0.11659 (From: Quidax), Max Price: 0.11689 (From: Binance), Profit Rate: 0.25530682166374263% (Below Threshold)
2024-02-02 03:45:14 [INFO]: Min Price: 0.11659 (From: Quidax), Max Price: 0.11689 (From: Binance), Profit Rate: 0.25530682166374263% (Below Threshold)
2024-02-02 03:45:14 [INFO]: Min Price: 0.11659 (From: Quidax), Max Price: 0.11689 (From: Binance), Profit Rate: 0.25530682166374263% (Below Threshold)
2024-02-02 03:45:15 [INFO]: Min Price: 0.11659 (From: Quidax), Max Price: 0.11689 (From: Binance), Profit Rate: 0.25530682166374263% (Below Threshold)
2024-02-02 03:45:15 [INFO]: Min Price: 0.11659 (From: Quidax), Max Price: 0.11688 (From: Binance), Profit Rate: 0.24672992827495469% (Below Threshold)
2024-02-02 03:45:16 [INFO]: Min Price: 0.11659 (From: Quidax), Max Price: 0.11689 (From: Binance), Profit Rate: 0.25530682166374263% (Below Threshold)
2024-02-02 03:45:16 [INFO]: Min Price: 0.11659 (From: Quidax), Max Price: 0.11689 (From: Binance), Profit Rate: 0.25530682166374263% (Below Threshold)
2024-02-02 03:45:17 [INFO]: Min Price: 0.11659 (From: Quidax), Max Price: 0.1169 (From: Binance), Profit Rate: 0.2638837150525543% (Below Threshold)
2024-02-02 03:45:18 [INFO]: Min Price: 0.11659 (From: Quidax), Max Price: 0.1169 (From: Binance), Profit Rate: 0.2638837150525543% (Below Threshold)
2024-02-02 03:45:18 [INFO]: Min Price: 0.11659 (From: Quidax), Max Price: 0.1169 (From: Binance), Profit Rate: 0.2638837150525543% (Below Threshold)
2024-02-02 03:45:19 [INFO]: Min Price: 0.11659 (From: Quidax), Max Price: 0.1169 (From: Binance), Profit Rate: 0.2638837150525543% (Below Threshold)
2024-02-02 03:45:19 [INFO]: Min Price: 0.11659 (From: Quidax), Max Price: 0.1169 (From: Binance), Profit Rate: 0.2638837150525543% (Below Threshold)
2024-02-02 03:45:20 [INFO]: Min Price: 0.11659 (From: Quidax), Max Price: 0.1169 (From: Binance), Profit Rate: 0.2638837150525543% (Below Threshold)
2024-02-02 03:45:21 [INFO]: Min Price: 0.11659 (From: Quidax), Max Price: 0.11691 (From: Binance), Profit Rate: 0.27246060844135417% (Below Threshold)
2024-02-02 03:45:21 [INFO]: Min Price: 0.11659 (From: Quidax), Max Price: 0.11691 (From: Binance), Profit Rate: 0.27246060844135417% (Below Threshold)
2024-02-02 03:45:22 [INFO]: Min Price: 0.11659 (From: Quidax), Max Price: 0.11691 (From: Binance), Profit Rate: 0.27246060844135417% (Below Threshold)
2024-02-02 03:45:23 [INFO]: Min Price: 0.11659 (From: Quidax), Max Price: 0.11682 (From: Binance), Profit Rate: 0.1952685679421558% (Below Threshold)
2024-02-02 03:45:24 [INFO]: Min Price: 0.11659 (From: Quidax), Max Price: 0.11682 (From: Binance), Profit Rate: 0.1952685679421558% (Below Threshold)
2024-02-02 03:45:25 [INFO]: Min Price: 0.11659 (From: Quidax), Max Price: 0.11682 (From: Binance), Profit Rate: 0.1952685679421558% (Below Threshold)
2024-02-02 03:45:26 [INFO]: Min Price: 0.11659 (From: Quidax), Max Price: 0.11682 (From: Binance), Profit Rate: 0.1952685679421558% (Below Threshold)
2024-02-02 03:45:27 [INFO]: Min Price: 0.11659 (From: Quidax), Max Price: 0.11684 (From: Binance), Profit Rate: 0.21242235471975543% (Below Threshold)
2024-02-02 03:45:28 [INFO]: Min Price: 0.11659 (From: Quidax), Max Price: 0.11684 (From: Binance), Profit Rate: 0.21242235471975543% (Below Threshold)
2024-02-02 03:45:29 [INFO]: Min Price: 0.11659 (From: Quidax), Max Price: 0.11684 (From: Binance), Profit Rate: 0.21242235471975543% (Below Threshold)
